;  LST file generated by mikroListExporter - v.2.0 
; Date/Time: 12/31/2019 1:39:31 PM
;----------------------------------------------

;Address Opcode 	ASM
0x0000	0x2D21      	GOTO       1313
_interrupt:
;Slaver.c,222 :: 		void interrupt() {
0x0004	0x0870      	MOVF       R0, 0
0x0005	0x0020      	MOVLB      0
0x0006	0x00A3      	MOVWF      35
0x0007	0x0871      	MOVF       R1, 0
0x0008	0x00A2      	MOVWF      34
0x0009	0x0872      	MOVF       R2, 0
0x000A	0x00A1      	MOVWF      33
0x000B	0x0873      	MOVF       R3, 0
0x000C	0x00A0      	MOVWF      32
;Slaver.c,223 :: 		RS485Slave_Receive(dat);
0x000D	0x3180      	MOVLP      0
0x000E	0x303D      	MOVLW      _dat
0x000F	0x00E9      	MOVWF      FARG_RS485Slave_Receive_data_buffer
0x0010	0x3000      	MOVLW      hi_addr(_dat)
0x0011	0x00EA      	MOVWF      FARG_RS485Slave_Receive_data_buffer+1
0x0012	0x239A      	CALL       _RS485Slave_Receive
;Slaver.c,224 :: 		if (TMR1IF_bit){
0x0013	0x0020      	MOVLB      0
0x0014	0x1C11      	BTFSS      TMR1IF_bit, BitPos(TMR1IF_bit+0)
0x0015	0x281C      	GOTO       L_interrupt37
;Slaver.c,225 :: 		cnt++;
0x0016	0x0ABC      	INCF       _cnt, 1
;Slaver.c,226 :: 		TMR1IF_bit = 0;
0x0017	0x1011      	BCF        TMR1IF_bit, BitPos(TMR1IF_bit+0)
;Slaver.c,227 :: 		TMR1H         = 0x3C;
0x0018	0x303C      	MOVLW      60
0x0019	0x0097      	MOVWF      TMR1H
;Slaver.c,228 :: 		TMR1L         = 0xB0;
0x001A	0x30B0      	MOVLW      176
0x001B	0x0096      	MOVWF      TMR1L
;Slaver.c,230 :: 		}
L_interrupt37:
;Slaver.c,231 :: 		}
L_end_interrupt:
L__interrupt54:
0x001C	0x0823      	MOVF       35, 0
0x001D	0x00F0      	MOVWF      R0
0x001E	0x0822      	MOVF       34, 0
0x001F	0x00F1      	MOVWF      R1
0x0020	0x0821      	MOVF       33, 0
0x0021	0x00F2      	MOVWF      R2
0x0022	0x0820      	MOVF       32, 0
0x0023	0x00F3      	MOVWF      R3
0x0024	0x0009      	RETFIE     %s
; end of _interrupt
_UART1_Data_Ready:
;__Lib_UART_c67.c,31 :: 		
;__Lib_UART_c67.c,32 :: 		
0x0025	0x3000      	MOVLW      0
0x0026	0x0020      	MOVLB      0
0x0027	0x1A91      	BTFSC      PIR1, 5
0x0028	0x3001      	MOVLW      1
0x0029	0x00F0      	MOVWF      R0
;__Lib_UART_c67.c,33 :: 		
L_end_UART1_Data_Ready:
0x002A	0x0008      	RETURN
; end of _UART1_Data_Ready
_UART1_Read:
;__Lib_UART_c67.c,36 :: 		
;__Lib_UART_c67.c,39 :: 		
0x002B	0x0023      	MOVLB      3
0x002C	0x0819      	MOVF       RCREG, 0
0x002D	0x00F1      	MOVWF      R1
;__Lib_UART_c67.c,40 :: 		
0x002E	0x1C9D      	BTFSS      RCSTA, 1
0x002F	0x2832      	GOTO       L_UART1_Read2
;__Lib_UART_c67.c,41 :: 		
0x0030	0x121D      	BCF        RCSTA, 4
;__Lib_UART_c67.c,42 :: 		
0x0031	0x161D      	BSF        RCSTA, 4
;__Lib_UART_c67.c,43 :: 		
L_UART1_Read2:
;__Lib_UART_c67.c,44 :: 		
0x0032	0x0871      	MOVF       R1, 0
0x0033	0x00F0      	MOVWF      R0
;__Lib_UART_c67.c,45 :: 		
L_end_UART1_Read:
0x0034	0x0008      	RETURN
; end of _UART1_Read
_UART1_Tx_Idle:
;__Lib_UART_c67.c,49 :: 		
;__Lib_UART_c67.c,50 :: 		
0x0035	0x3000      	MOVLW      0
0x0036	0x0023      	MOVLB      3
0x0037	0x189E      	BTFSC      TXSTA, 1
0x0038	0x3001      	MOVLW      1
0x0039	0x00F0      	MOVWF      R0
;__Lib_UART_c67.c,51 :: 		
L_end_UART1_Tx_Idle:
0x003A	0x0008      	RETURN
; end of _UART1_Tx_Idle
_UART1_Write:
;__Lib_UART_c67.c,54 :: 		
;__Lib_UART_c67.c,55 :: 		
L_UART1_Write3:
0x003B	0x0023      	MOVLB      3
0x003C	0x189E      	BTFSC      TXSTA, 1
0x003D	0x2840      	GOTO       L_UART1_Write4
;__Lib_UART_c67.c,56 :: 		
0x003E	0x0000      	NOP
0x003F	0x283B      	GOTO       L_UART1_Write3
L_UART1_Write4:
;__Lib_UART_c67.c,57 :: 		
0x0040	0x0020      	MOVLB      0
0x0041	0x0868      	MOVF       FARG_UART1_Write_data_, 0
0x0042	0x0023      	MOVLB      3
0x0043	0x009A      	MOVWF      TXREG
;__Lib_UART_c67.c,58 :: 		
L_end_UART1_Write:
0x0044	0x0008      	RETURN
; end of _UART1_Write
_SPI1_Write:
;__Lib_SPI_c345.c,74 :: 		
;__Lib_SPI_c345.c,77 :: 		
0x0045	0x0020      	MOVLB      0
0x0046	0x0868      	MOVF       FARG_SPI1_Write_data_, 0
0x0047	0x0024      	MOVLB      4
0x0048	0x0091      	MOVWF      SSPBUF
;__Lib_SPI_c345.c,78 :: 		
L_SPI1_Write8:
0x0049	0x1814      	BTFSC      SSPSTAT, 0
0x004A	0x284C      	GOTO       L_SPI1_Write9
;__Lib_SPI_c345.c,79 :: 		
0x004B	0x2849      	GOTO       L_SPI1_Write8
L_SPI1_Write9:
;__Lib_SPI_c345.c,80 :: 		
0x004C	0x0811      	MOVF       SSPBUF, 0
0x004D	0x00F0      	MOVWF      R0
;__Lib_SPI_c345.c,81 :: 		
L_end_SPI1_Write:
0x004E	0x0008      	RETURN
; end of _SPI1_Write
_SPI_Write_Byte:
;Slaver.c,30 :: 		void SPI_Write_Byte(unsigned short num)
;Slaver.c,33 :: 		CLK_Pin = 0;
0x004F	0x0020      	MOVLB      0
0x0050	0x110E      	BCF        PORTC, 2
;Slaver.c,34 :: 		Mask = 128;
0x0051	0x3080      	MOVLW      128
0x0052	0x00F3      	MOVWF      R3
;Slaver.c,35 :: 		for (t=0; t<8; t++)
0x0053	0x01F2      	CLRF       R2
L_SPI_Write_Byte0:
0x0054	0x3008      	MOVLW      8
0x0055	0x0272      	SUBWF      R2, 0
0x0056	0x1803      	BTFSC      STATUS, 0
0x0057	0x2867      	GOTO       L_SPI_Write_Byte1
;Slaver.c,37 :: 		Flag = num & Mask;
0x0058	0x0873      	MOVF       R3, 0
0x0059	0x0568      	ANDWF      FARG_SPI_Write_Byte_num, 0
0x005A	0x00F1      	MOVWF      R1
;Slaver.c,38 :: 		if(Flag == 0)
0x005B	0x0871      	MOVF       R1, 0
0x005C	0x3A00      	XORLW      0
0x005D	0x1D03      	BTFSS      STATUS, 2
0x005E	0x2861      	GOTO       L_SPI_Write_Byte3
;Slaver.c,40 :: 		DIN_Pin = 0;
0x005F	0x100E      	BCF        PORTC, 0
;Slaver.c,41 :: 		}
0x0060	0x2862      	GOTO       L_SPI_Write_Byte4
L_SPI_Write_Byte3:
;Slaver.c,44 :: 		DIN_Pin = 1;
0x0061	0x140E      	BSF        PORTC, 0
;Slaver.c,45 :: 		}
L_SPI_Write_Byte4:
;Slaver.c,46 :: 		CLK_Pin = 1;
0x0062	0x150E      	BSF        PORTC, 2
;Slaver.c,47 :: 		CLK_Pin = 0;
0x0063	0x110E      	BCF        PORTC, 2
;Slaver.c,48 :: 		Mask = Mask >> 1;
0x0064	0x36F3      	LSRF       R3, 1
;Slaver.c,35 :: 		for (t=0; t<8; t++)
0x0065	0x0AF2      	INCF       R2, 1
;Slaver.c,49 :: 		}
0x0066	0x2854      	GOTO       L_SPI_Write_Byte0
L_SPI_Write_Byte1:
;Slaver.c,50 :: 		}
L_end_SPI_Write_Byte:
0x0067	0x0008      	RETURN
; end of _SPI_Write_Byte
_____DoIFC:
;__Lib_System.c,3 :: 		
;__Lib_System.c,4 :: 		
0x0068	0x0871      	MOVF       R1, 0
0x0069	0x008A      	MOVWF      PCLATH
;__Lib_System.c,5 :: 		
0x006A	0x0870      	MOVF       R0, 0
0x006B	0x0082      	MOVWF      PCL
;__Lib_System.c,6 :: 		
L_end_____DoIFC:
0x006C	0x0008      	RETURN
; end of _____DoIFC
_max7219:
;Slaver.c,52 :: 		void max7219(char adres, char deger)
;Slaver.c,56 :: 		CS=0;
0x006D	0x0020      	MOVLB      0
0x006E	0x108E      	BCF        PORTC, 1
;Slaver.c,57 :: 		SPI_Write_Byte(adres);
0x006F	0x0866      	MOVF       FARG_max7219_adres, 0
0x0070	0x00E8      	MOVWF      FARG_SPI_Write_Byte_num
0x0071	0x204F      	CALL       _SPI_Write_Byte
;Slaver.c,58 :: 		SPI_Write_Byte(deger);
0x0072	0x0867      	MOVF       FARG_max7219_deger, 0
0x0073	0x00E8      	MOVWF      FARG_SPI_Write_Byte_num
0x0074	0x204F      	CALL       _SPI_Write_Byte
;Slaver.c,59 :: 		CS=1;
0x0075	0x148E      	BSF        PORTC, 1
;Slaver.c,60 :: 		}
L_end_max7219:
0x0076	0x0008      	RETURN
; end of _max7219
_Div_16X16_U:
;__Lib_Math.c,213 :: 		
;__Lib_Math.c,220 :: 		
0x0077	0x0020      	MOVLB      0
;__Lib_Math.c,221 :: 		
0x0078	0x01F8      	CLRF       R8
;__Lib_Math.c,222 :: 		
0x0079	0x01F9      	CLRF       R9
;__Lib_Math.c,223 :: 		
0x007A	0x3010      	MOVLW      16
;__Lib_Math.c,224 :: 		
0x007B	0x00FC      	MOVWF      R12
;__Lib_Math.c,225 :: 		
0x007C	0x0D71      	RLF        R1, 0
;__Lib_Math.c,226 :: 		
0x007D	0x0DF8      	RLF        R8, 1
;__Lib_Math.c,227 :: 		
0x007E	0x0DF9      	RLF        R9, 1
;__Lib_Math.c,228 :: 		
0x007F	0x0874      	MOVF       R4, 0
;__Lib_Math.c,229 :: 		
0x0080	0x02F8      	SUBWF      R8, 1
;__Lib_Math.c,230 :: 		
0x0081	0x0875      	MOVF       R5, 0
;__Lib_Math.c,231 :: 		
0x0082	0x1C03      	BTFSS      STATUS, 0
;__Lib_Math.c,232 :: 		
0x0083	0x0F75      	INCFSZ     R5, 0
;__Lib_Math.c,233 :: 		
0x0084	0x02F9      	SUBWF      R9, 1
;__Lib_Math.c,234 :: 		
0x0085	0x1803      	BTFSC      STATUS, 0
;__Lib_Math.c,235 :: 		
0x0086	0x288E      	GOTO       $+8
;__Lib_Math.c,236 :: 		
0x0087	0x0874      	MOVF       R4, 0
;__Lib_Math.c,237 :: 		
0x0088	0x07F8      	ADDWF      R8, 1
;__Lib_Math.c,238 :: 		
0x0089	0x0875      	MOVF       R5, 0
;__Lib_Math.c,239 :: 		
0x008A	0x1803      	BTFSC      STATUS, 0
;__Lib_Math.c,240 :: 		
0x008B	0x0F75      	INCFSZ     R5, 0
;__Lib_Math.c,241 :: 		
0x008C	0x07F9      	ADDWF      R9, 1
;__Lib_Math.c,242 :: 		
0x008D	0x1003      	BCF        STATUS, 0
;__Lib_Math.c,243 :: 		
0x008E	0x0DF0      	RLF        R0, 1
;__Lib_Math.c,244 :: 		
0x008F	0x0DF1      	RLF        R1, 1
;__Lib_Math.c,245 :: 		
0x0090	0x0BFC      	DECFSZ     R12, 1
;__Lib_Math.c,246 :: 		
0x0091	0x287C      	GOTO       $-21
;__Lib_Math.c,248 :: 		
L_end_Div_16X16_U:
0x0092	0x0008      	RETURN
; end of _Div_16X16_U
_processValue1:
;Slaver.c,161 :: 		void processValue1 (unsigned humidity, unsigned temperature) {
;Slaver.c,165 :: 		if(humidity>=1000)
0x0093	0x3003      	MOVLW      3
0x0094	0x0020      	MOVLB      0
0x0095	0x025F      	SUBWF      FARG_processValue1_humidity+1, 0
0x0096	0x1D03      	BTFSS      STATUS, 2
0x0097	0x289A      	GOTO       L__processValue150
0x0098	0x30E8      	MOVLW      232
0x0099	0x025E      	SUBWF      FARG_processValue1_humidity, 0
L__processValue150:
0x009A	0x1C03      	BTFSS      STATUS, 0
0x009B	0x28F5      	GOTO       L_processValue133
;Slaver.c,167 :: 		max7219(5,(humidity/1000)%10);
0x009C	0x3005      	MOVLW      5
0x009D	0x00E6      	MOVWF      FARG_max7219_adres
0x009E	0x30E8      	MOVLW      232
0x009F	0x00F4      	MOVWF      R4
0x00A0	0x3003      	MOVLW      3
0x00A1	0x00F5      	MOVWF      R5
0x00A2	0x085E      	MOVF       FARG_processValue1_humidity, 0
0x00A3	0x00F0      	MOVWF      R0
0x00A4	0x085F      	MOVF       FARG_processValue1_humidity+1, 0
0x00A5	0x00F1      	MOVWF      R1
0x00A6	0x2077      	CALL       _Div_16X16_U
0x00A7	0x300A      	MOVLW      10
0x00A8	0x00F4      	MOVWF      R4
0x00A9	0x3000      	MOVLW      0
0x00AA	0x00F5      	MOVWF      R5
0x00AB	0x2077      	CALL       _Div_16X16_U
0x00AC	0x0878      	MOVF       R8, 0
0x00AD	0x00F0      	MOVWF      R0
0x00AE	0x0879      	MOVF       R9, 0
0x00AF	0x00F1      	MOVWF      R1
0x00B0	0x0870      	MOVF       R0, 0
0x00B1	0x00E7      	MOVWF      FARG_max7219_deger
0x00B2	0x206D      	CALL       _max7219
;Slaver.c,168 :: 		max7219(6,(humidity/100)%10);
0x00B3	0x3006      	MOVLW      6
0x00B4	0x00E6      	MOVWF      FARG_max7219_adres
0x00B5	0x3064      	MOVLW      100
0x00B6	0x00F4      	MOVWF      R4
0x00B7	0x3000      	MOVLW      0
0x00B8	0x00F5      	MOVWF      R5
0x00B9	0x085E      	MOVF       FARG_processValue1_humidity, 0
0x00BA	0x00F0      	MOVWF      R0
0x00BB	0x085F      	MOVF       FARG_processValue1_humidity+1, 0
0x00BC	0x00F1      	MOVWF      R1
0x00BD	0x2077      	CALL       _Div_16X16_U
0x00BE	0x300A      	MOVLW      10
0x00BF	0x00F4      	MOVWF      R4
0x00C0	0x3000      	MOVLW      0
0x00C1	0x00F5      	MOVWF      R5
0x00C2	0x2077      	CALL       _Div_16X16_U
0x00C3	0x0878      	MOVF       R8, 0
0x00C4	0x00F0      	MOVWF      R0
0x00C5	0x0879      	MOVF       R9, 0
0x00C6	0x00F1      	MOVWF      R1
0x00C7	0x0870      	MOVF       R0, 0
0x00C8	0x00E7      	MOVWF      FARG_max7219_deger
0x00C9	0x206D      	CALL       _max7219
;Slaver.c,169 :: 		max7219(7,(humidity/10)%10+0x80);
0x00CA	0x3007      	MOVLW      7
0x00CB	0x00E6      	MOVWF      FARG_max7219_adres
0x00CC	0x300A      	MOVLW      10
0x00CD	0x00F4      	MOVWF      R4
0x00CE	0x3000      	MOVLW      0
0x00CF	0x00F5      	MOVWF      R5
0x00D0	0x085E      	MOVF       FARG_processValue1_humidity, 0
0x00D1	0x00F0      	MOVWF      R0
0x00D2	0x085F      	MOVF       FARG_processValue1_humidity+1, 0
0x00D3	0x00F1      	MOVWF      R1
0x00D4	0x2077      	CALL       _Div_16X16_U
0x00D5	0x300A      	MOVLW      10
0x00D6	0x00F4      	MOVWF      R4
0x00D7	0x3000      	MOVLW      0
0x00D8	0x00F5      	MOVWF      R5
0x00D9	0x2077      	CALL       _Div_16X16_U
0x00DA	0x0878      	MOVF       R8, 0
0x00DB	0x00F0      	MOVWF      R0
0x00DC	0x0879      	MOVF       R9, 0
0x00DD	0x00F1      	MOVWF      R1
0x00DE	0x3080      	MOVLW      128
0x00DF	0x0770      	ADDWF      R0, 0
0x00E0	0x00E7      	MOVWF      FARG_max7219_deger
0x00E1	0x206D      	CALL       _max7219
;Slaver.c,170 :: 		max7219(8,(humidity%10));
0x00E2	0x3008      	MOVLW      8
0x00E3	0x00E6      	MOVWF      FARG_max7219_adres
0x00E4	0x300A      	MOVLW      10
0x00E5	0x00F4      	MOVWF      R4
0x00E6	0x3000      	MOVLW      0
0x00E7	0x00F5      	MOVWF      R5
0x00E8	0x085E      	MOVF       FARG_processValue1_humidity, 0
0x00E9	0x00F0      	MOVWF      R0
0x00EA	0x085F      	MOVF       FARG_processValue1_humidity+1, 0
0x00EB	0x00F1      	MOVWF      R1
0x00EC	0x2077      	CALL       _Div_16X16_U
0x00ED	0x0878      	MOVF       R8, 0
0x00EE	0x00F0      	MOVWF      R0
0x00EF	0x0879      	MOVF       R9, 0
0x00F0	0x00F1      	MOVWF      R1
0x00F1	0x0870      	MOVF       R0, 0
0x00F2	0x00E7      	MOVWF      FARG_max7219_deger
0x00F3	0x206D      	CALL       _max7219
;Slaver.c,171 :: 		}
0x00F4	0x293B      	GOTO       L_processValue134
L_processValue133:
;Slaver.c,174 :: 		max7219(5,15);
0x00F5	0x3005      	MOVLW      5
0x00F6	0x00E6      	MOVWF      FARG_max7219_adres
0x00F7	0x300F      	MOVLW      15
0x00F8	0x00E7      	MOVWF      FARG_max7219_deger
0x00F9	0x206D      	CALL       _max7219
;Slaver.c,175 :: 		max7219(6,(humidity/100)%10);
0x00FA	0x3006      	MOVLW      6
0x00FB	0x00E6      	MOVWF      FARG_max7219_adres
0x00FC	0x3064      	MOVLW      100
0x00FD	0x00F4      	MOVWF      R4
0x00FE	0x3000      	MOVLW      0
0x00FF	0x00F5      	MOVWF      R5
0x0100	0x085E      	MOVF       FARG_processValue1_humidity, 0
0x0101	0x00F0      	MOVWF      R0
0x0102	0x085F      	MOVF       FARG_processValue1_humidity+1, 0
0x0103	0x00F1      	MOVWF      R1
0x0104	0x2077      	CALL       _Div_16X16_U
0x0105	0x300A      	MOVLW      10
0x0106	0x00F4      	MOVWF      R4
0x0107	0x3000      	MOVLW      0
0x0108	0x00F5      	MOVWF      R5
0x0109	0x2077      	CALL       _Div_16X16_U
0x010A	0x0878      	MOVF       R8, 0
0x010B	0x00F0      	MOVWF      R0
0x010C	0x0879      	MOVF       R9, 0
0x010D	0x00F1      	MOVWF      R1
0x010E	0x0870      	MOVF       R0, 0
0x010F	0x00E7      	MOVWF      FARG_max7219_deger
0x0110	0x206D      	CALL       _max7219
;Slaver.c,176 :: 		max7219(7,(humidity/10)%10+0x80);
0x0111	0x3007      	MOVLW      7
0x0112	0x00E6      	MOVWF      FARG_max7219_adres
0x0113	0x300A      	MOVLW      10
0x0114	0x00F4      	MOVWF      R4
0x0115	0x3000      	MOVLW      0
0x0116	0x00F5      	MOVWF      R5
0x0117	0x085E      	MOVF       FARG_processValue1_humidity, 0
0x0118	0x00F0      	MOVWF      R0
0x0119	0x085F      	MOVF       FARG_processValue1_humidity+1, 0
0x011A	0x00F1      	MOVWF      R1
0x011B	0x2077      	CALL       _Div_16X16_U
0x011C	0x300A      	MOVLW      10
0x011D	0x00F4      	MOVWF      R4
0x011E	0x3000      	MOVLW      0
0x011F	0x00F5      	MOVWF      R5
0x0120	0x2077      	CALL       _Div_16X16_U
0x0121	0x0878      	MOVF       R8, 0
0x0122	0x00F0      	MOVWF      R0
0x0123	0x0879      	MOVF       R9, 0
0x0124	0x00F1      	MOVWF      R1
0x0125	0x3080      	MOVLW      128
0x0126	0x0770      	ADDWF      R0, 0
0x0127	0x00E7      	MOVWF      FARG_max7219_deger
0x0128	0x206D      	CALL       _max7219
;Slaver.c,177 :: 		max7219(8,(humidity%10));
0x0129	0x3008      	MOVLW      8
0x012A	0x00E6      	MOVWF      FARG_max7219_adres
0x012B	0x300A      	MOVLW      10
0x012C	0x00F4      	MOVWF      R4
0x012D	0x3000      	MOVLW      0
0x012E	0x00F5      	MOVWF      R5
0x012F	0x085E      	MOVF       FARG_processValue1_humidity, 0
0x0130	0x00F0      	MOVWF      R0
0x0131	0x085F      	MOVF       FARG_processValue1_humidity+1, 0
0x0132	0x00F1      	MOVWF      R1
0x0133	0x2077      	CALL       _Div_16X16_U
0x0134	0x0878      	MOVF       R8, 0
0x0135	0x00F0      	MOVWF      R0
0x0136	0x0879      	MOVF       R9, 0
0x0137	0x00F1      	MOVWF      R1
0x0138	0x0870      	MOVF       R0, 0
0x0139	0x00E7      	MOVWF      FARG_max7219_deger
0x013A	0x206D      	CALL       _max7219
;Slaver.c,178 :: 		}
L_processValue134:
;Slaver.c,180 :: 		if(temperature&0x8000)
0x013B	0x1FE1      	BTFSS      FARG_processValue1_temperature+1, 7
0x013C	0x2984      	GOTO       L_processValue135
;Slaver.c,182 :: 		max7219(1,0x11);
0x013D	0x3001      	MOVLW      1
0x013E	0x00E6      	MOVWF      FARG_max7219_adres
0x013F	0x3011      	MOVLW      17
0x0140	0x00E7      	MOVWF      FARG_max7219_deger
0x0141	0x206D      	CALL       _max7219
;Slaver.c,183 :: 		max7219(2,(temperature/100)%10);
0x0142	0x3002      	MOVLW      2
0x0143	0x00E6      	MOVWF      FARG_max7219_adres
0x0144	0x3064      	MOVLW      100
0x0145	0x00F4      	MOVWF      R4
0x0146	0x3000      	MOVLW      0
0x0147	0x00F5      	MOVWF      R5
0x0148	0x0860      	MOVF       FARG_processValue1_temperature, 0
0x0149	0x00F0      	MOVWF      R0
0x014A	0x0861      	MOVF       FARG_processValue1_temperature+1, 0
0x014B	0x00F1      	MOVWF      R1
0x014C	0x2077      	CALL       _Div_16X16_U
0x014D	0x300A      	MOVLW      10
0x014E	0x00F4      	MOVWF      R4
0x014F	0x3000      	MOVLW      0
0x0150	0x00F5      	MOVWF      R5
0x0151	0x2077      	CALL       _Div_16X16_U
0x0152	0x0878      	MOVF       R8, 0
0x0153	0x00F0      	MOVWF      R0
0x0154	0x0879      	MOVF       R9, 0
0x0155	0x00F1      	MOVWF      R1
0x0156	0x0870      	MOVF       R0, 0
0x0157	0x00E7      	MOVWF      FARG_max7219_deger
0x0158	0x206D      	CALL       _max7219
;Slaver.c,184 :: 		max7219(3,(temperature/10)%10+0x80);
0x0159	0x3003      	MOVLW      3
0x015A	0x00E6      	MOVWF      FARG_max7219_adres
0x015B	0x300A      	MOVLW      10
0x015C	0x00F4      	MOVWF      R4
0x015D	0x3000      	MOVLW      0
0x015E	0x00F5      	MOVWF      R5
0x015F	0x0860      	MOVF       FARG_processValue1_temperature, 0
0x0160	0x00F0      	MOVWF      R0
0x0161	0x0861      	MOVF       FARG_processValue1_temperature+1, 0
0x0162	0x00F1      	MOVWF      R1
0x0163	0x2077      	CALL       _Div_16X16_U
0x0164	0x300A      	MOVLW      10
0x0165	0x00F4      	MOVWF      R4
0x0166	0x3000      	MOVLW      0
0x0167	0x00F5      	MOVWF      R5
0x0168	0x2077      	CALL       _Div_16X16_U
0x0169	0x0878      	MOVF       R8, 0
0x016A	0x00F0      	MOVWF      R0
0x016B	0x0879      	MOVF       R9, 0
0x016C	0x00F1      	MOVWF      R1
0x016D	0x3080      	MOVLW      128
0x016E	0x0770      	ADDWF      R0, 0
0x016F	0x00E7      	MOVWF      FARG_max7219_deger
0x0170	0x206D      	CALL       _max7219
;Slaver.c,185 :: 		max7219(4,(temperature%10));
0x0171	0x3004      	MOVLW      4
0x0172	0x00E6      	MOVWF      FARG_max7219_adres
0x0173	0x300A      	MOVLW      10
0x0174	0x00F4      	MOVWF      R4
0x0175	0x3000      	MOVLW      0
0x0176	0x00F5      	MOVWF      R5
0x0177	0x0860      	MOVF       FARG_processValue1_temperature, 0
0x0178	0x00F0      	MOVWF      R0
0x0179	0x0861      	MOVF       FARG_processValue1_temperature+1, 0
0x017A	0x00F1      	MOVWF      R1
0x017B	0x2077      	CALL       _Div_16X16_U
0x017C	0x0878      	MOVF       R8, 0
0x017D	0x00F0      	MOVWF      R0
0x017E	0x0879      	MOVF       R9, 0
0x017F	0x00F1      	MOVWF      R1
0x0180	0x0870      	MOVF       R0, 0
0x0181	0x00E7      	MOVWF      FARG_max7219_deger
0x0182	0x206D      	CALL       _max7219
;Slaver.c,186 :: 		}
0x0183	0x2989      	GOTO       L_processValue136
L_processValue135:
;Slaver.c,187 :: 		else  max7219(1,15);
0x0184	0x3001      	MOVLW      1
0x0185	0x00E6      	MOVWF      FARG_max7219_adres
0x0186	0x300F      	MOVLW      15
0x0187	0x00E7      	MOVWF      FARG_max7219_deger
0x0188	0x206D      	CALL       _max7219
L_processValue136:
;Slaver.c,188 :: 		temperature&=0x7FFF;
0x0189	0x30FF      	MOVLW      255
0x018A	0x0560      	ANDWF      FARG_processValue1_temperature, 0
0x018B	0x00F0      	MOVWF      R0
0x018C	0x0861      	MOVF       FARG_processValue1_temperature+1, 0
0x018D	0x397F      	ANDLW      127
0x018E	0x00F1      	MOVWF      R1
0x018F	0x0870      	MOVF       R0, 0
0x0190	0x00E0      	MOVWF      FARG_processValue1_temperature
0x0191	0x0871      	MOVF       R1, 0
0x0192	0x00E1      	MOVWF      FARG_processValue1_temperature+1
;Slaver.c,189 :: 		max7219(2,(temperature/100)%10);
0x0193	0x3002      	MOVLW      2
0x0194	0x00E6      	MOVWF      FARG_max7219_adres
0x0195	0x3064      	MOVLW      100
0x0196	0x00F4      	MOVWF      R4
0x0197	0x3000      	MOVLW      0
0x0198	0x00F5      	MOVWF      R5
0x0199	0x2077      	CALL       _Div_16X16_U
0x019A	0x300A      	MOVLW      10
0x019B	0x00F4      	MOVWF      R4
0x019C	0x3000      	MOVLW      0
0x019D	0x00F5      	MOVWF      R5
0x019E	0x2077      	CALL       _Div_16X16_U
0x019F	0x0878      	MOVF       R8, 0
0x01A0	0x00F0      	MOVWF      R0
0x01A1	0x0879      	MOVF       R9, 0
0x01A2	0x00F1      	MOVWF      R1
0x01A3	0x0870      	MOVF       R0, 0
0x01A4	0x00E7      	MOVWF      FARG_max7219_deger
0x01A5	0x206D      	CALL       _max7219
;Slaver.c,190 :: 		max7219(3,(temperature/10)%10+0x80);
0x01A6	0x3003      	MOVLW      3
0x01A7	0x00E6      	MOVWF      FARG_max7219_adres
0x01A8	0x300A      	MOVLW      10
0x01A9	0x00F4      	MOVWF      R4
0x01AA	0x3000      	MOVLW      0
0x01AB	0x00F5      	MOVWF      R5
0x01AC	0x0860      	MOVF       FARG_processValue1_temperature, 0
0x01AD	0x00F0      	MOVWF      R0
0x01AE	0x0861      	MOVF       FARG_processValue1_temperature+1, 0
0x01AF	0x00F1      	MOVWF      R1
0x01B0	0x2077      	CALL       _Div_16X16_U
0x01B1	0x300A      	MOVLW      10
0x01B2	0x00F4      	MOVWF      R4
0x01B3	0x3000      	MOVLW      0
0x01B4	0x00F5      	MOVWF      R5
0x01B5	0x2077      	CALL       _Div_16X16_U
0x01B6	0x0878      	MOVF       R8, 0
0x01B7	0x00F0      	MOVWF      R0
0x01B8	0x0879      	MOVF       R9, 0
0x01B9	0x00F1      	MOVWF      R1
0x01BA	0x3080      	MOVLW      128
0x01BB	0x0770      	ADDWF      R0, 0
0x01BC	0x00E7      	MOVWF      FARG_max7219_deger
0x01BD	0x206D      	CALL       _max7219
;Slaver.c,191 :: 		max7219(4,(temperature%10));
0x01BE	0x3004      	MOVLW      4
0x01BF	0x00E6      	MOVWF      FARG_max7219_adres
0x01C0	0x300A      	MOVLW      10
0x01C1	0x00F4      	MOVWF      R4
0x01C2	0x3000      	MOVLW      0
0x01C3	0x00F5      	MOVWF      R5
0x01C4	0x0860      	MOVF       FARG_processValue1_temperature, 0
0x01C5	0x00F0      	MOVWF      R0
0x01C6	0x0861      	MOVF       FARG_processValue1_temperature+1, 0
0x01C7	0x00F1      	MOVWF      R1
0x01C8	0x2077      	CALL       _Div_16X16_U
0x01C9	0x0878      	MOVF       R8, 0
0x01CA	0x00F0      	MOVWF      R0
0x01CB	0x0879      	MOVF       R9, 0
0x01CC	0x00F1      	MOVWF      R1
0x01CD	0x0870      	MOVF       R0, 0
0x01CE	0x00E7      	MOVWF      FARG_max7219_deger
0x01CF	0x206D      	CALL       _max7219
;Slaver.c,193 :: 		}
L_end_processValue1:
0x01D0	0x0008      	RETURN
; end of _processValue1
_max7219_init:
;Slaver.c,61 :: 		void max7219_init()
;Slaver.c,65 :: 		max7219(0x0C,0x01);          // che do
0x01D1	0x300C      	MOVLW      12
0x01D2	0x0020      	MOVLB      0
0x01D3	0x00E6      	MOVWF      FARG_max7219_adres
0x01D4	0x3001      	MOVLW      1
0x01D5	0x00E7      	MOVWF      FARG_max7219_deger
0x01D6	0x206D      	CALL       _max7219
;Slaver.c,67 :: 		max7219(0x09,0xFFFF);//0x0F); // so led 7 thanh giai ma
0x01D7	0x3009      	MOVLW      9
0x01D8	0x00E6      	MOVWF      FARG_max7219_adres
0x01D9	0x30FF      	MOVLW      255
0x01DA	0x00E7      	MOVWF      FARG_max7219_deger
0x01DB	0x206D      	CALL       _max7219
;Slaver.c,69 :: 		max7219(0x0A,0x09);//0x00    // do sang
0x01DC	0x300A      	MOVLW      10
0x01DD	0x00E6      	MOVWF      FARG_max7219_adres
0x01DE	0x3009      	MOVLW      9
0x01DF	0x00E7      	MOVWF      FARG_max7219_deger
0x01E0	0x206D      	CALL       _max7219
;Slaver.c,71 :: 		max7219(0x0B,0x07); //0x00    // so led 7 thanh dc quet
0x01E1	0x300B      	MOVLW      11
0x01E2	0x00E6      	MOVWF      FARG_max7219_adres
0x01E3	0x3007      	MOVLW      7
0x01E4	0x00E7      	MOVWF      FARG_max7219_deger
0x01E5	0x206D      	CALL       _max7219
;Slaver.c,73 :: 		max7219(0x0F,0x01);       //         chon thanh ghi che do hien thi test
0x01E6	0x300F      	MOVLW      15
0x01E7	0x00E6      	MOVWF      FARG_max7219_adres
0x01E8	0x3001      	MOVLW      1
0x01E9	0x00E7      	MOVWF      FARG_max7219_deger
0x01EA	0x206D      	CALL       _max7219
;Slaver.c,75 :: 		Delay_ms(100);
0x01EB	0x3002      	MOVLW      2
0x01EC	0x00FB      	MOVWF      R11
0x01ED	0x3004      	MOVLW      4
0x01EE	0x00FC      	MOVWF      R12
0x01EF	0x30BA      	MOVLW      186
0x01F0	0x00FD      	MOVWF      R13
L_max7219_init5:
0x01F1	0x0BFD      	DECFSZ     R13, 1
0x01F2	0x29F1      	GOTO       L_max7219_init5
0x01F3	0x0BFC      	DECFSZ     R12, 1
0x01F4	0x29F1      	GOTO       L_max7219_init5
0x01F5	0x0BFB      	DECFSZ     R11, 1
0x01F6	0x29F1      	GOTO       L_max7219_init5
0x01F7	0x0000      	NOP
;Slaver.c,76 :: 		max7219(0x0F,0x00);             // tat hien thi test
0x01F8	0x300F      	MOVLW      15
0x01F9	0x00E6      	MOVWF      FARG_max7219_adres
0x01FA	0x01E7      	CLRF       FARG_max7219_deger
0x01FB	0x206D      	CALL       _max7219
;Slaver.c,80 :: 		}
L_end_max7219_init:
0x01FC	0x0008      	RETURN
; end of _max7219_init
_RS485Slave_Send:
;__Lib_RS485.c,196 :: 		
;__Lib_RS485.c,201 :: 		
0x01FD	0x0020      	MOVLB      0
0x01FE	0x0831      	MOVF       __Lib_RS485__sladdress, 0
0x01FF	0x00E4      	MOVWF      RS485Slave_Send_slave_address_L0
;__Lib_RS485.c,202 :: 		
0x0200	0x0832      	MOVF       __Lib_RS485_specadr, 0
0x0201	0x1903      	BTFSC      STATUS, 2
0x0202	0x2A06      	GOTO       L_RS485Slave_Send38
;__Lib_RS485.c,203 :: 		
0x0203	0x3001      	MOVLW      1
0x0204	0x0631      	XORWF      __Lib_RS485__sladdress, 0
0x0205	0x00E4      	MOVWF      RS485Slave_Send_slave_address_L0
L_RS485Slave_Send38:
;__Lib_RS485.c,205 :: 		
0x0206	0x160C      	BSF        rs485_rxtx_pin, BitPos(rs485_rxtx_pin+0)
;__Lib_RS485.c,206 :: 		
0x0207	0x0360      	DECF       FARG_RS485Slave_Send_datalen, 0
0x0208	0x00E3      	MOVWF      RS485Slave_Send_len_L0
;__Lib_RS485.c,207 :: 		
0x0209	0x083A      	MOVF       _UART_Wr_Ptr+2, 0
0x020A	0x0086      	MOVWF      FSR1
0x020B	0x083B      	MOVF       _UART_Wr_Ptr+3, 0
0x020C	0x0087      	MOVWF      FSR1H
0x020D	0x3096      	MOVLW      150
0x020E	0x0081      	MOVWF      INDF1
0x020F	0x3141      	ADDFSR     1, 1
0x0210	0x0838      	MOVF       _UART_Wr_Ptr, 0
0x0211	0x00F0      	MOVWF      R0
0x0212	0x0839      	MOVF       _UART_Wr_Ptr+1, 0
0x0213	0x00F1      	MOVWF      R1
0x0214	0x2068      	CALL       _____DoIFC
;__Lib_RS485.c,208 :: 		
0x0215	0x0020      	MOVLB      0
0x0216	0x0864      	MOVF       RS485Slave_Send_slave_address_L0, 0
0x0217	0x3A96      	XORLW      150
0x0218	0x1903      	BTFSC      STATUS, 2
0x0219	0x2A1F      	GOTO       L__RS485Slave_Send109
0x021A	0x0864      	MOVF       RS485Slave_Send_slave_address_L0, 0
0x021B	0x3AA9      	XORLW      169
0x021C	0x1903      	BTFSC      STATUS, 2
0x021D	0x2A1F      	GOTO       L__RS485Slave_Send109
0x021E	0x2A22      	GOTO       L_RS485Slave_Send41
L__RS485Slave_Send109:
;__Lib_RS485.c,209 :: 		
0x021F	0x3001      	MOVLW      1
0x0220	0x06E4      	XORWF      RS485Slave_Send_slave_address_L0, 1
;__Lib_RS485.c,210 :: 		
0x0221	0x1760      	BSF        FARG_RS485Slave_Send_datalen, 6
;__Lib_RS485.c,211 :: 		
L_RS485Slave_Send41:
;__Lib_RS485.c,212 :: 		
0x0222	0x083A      	MOVF       _UART_Wr_Ptr+2, 0
0x0223	0x0086      	MOVWF      FSR1
0x0224	0x083B      	MOVF       _UART_Wr_Ptr+3, 0
0x0225	0x0087      	MOVWF      FSR1H
0x0226	0x0864      	MOVF       RS485Slave_Send_slave_address_L0, 0
0x0227	0x0081      	MOVWF      INDF1
0x0228	0x3141      	ADDFSR     1, 1
0x0229	0x0838      	MOVF       _UART_Wr_Ptr, 0
0x022A	0x00F0      	MOVWF      R0
0x022B	0x0839      	MOVF       _UART_Wr_Ptr+1, 0
0x022C	0x00F1      	MOVWF      R1
0x022D	0x2068      	CALL       _____DoIFC
;__Lib_RS485.c,213 :: 		
0x022E	0x0020      	MOVLB      0
0x022F	0x01E1      	CLRF       RS485Slave_Send_i_L0
L_RS485Slave_Send42:
0x0230	0x0861      	MOVF       RS485Slave_Send_i_L0, 0
0x0231	0x0263      	SUBWF      RS485Slave_Send_len_L0, 0
0x0232	0x1C03      	BTFSS      STATUS, 0
0x0233	0x2A68      	GOTO       L_RS485Slave_Send43
;__Lib_RS485.c,214 :: 		
0x0234	0x0861      	MOVF       RS485Slave_Send_i_L0, 0
0x0235	0x075E      	ADDWF      FARG_RS485Slave_Send_data_buffer, 0
0x0236	0x0084      	MOVWF      FSR0
0x0237	0x3000      	MOVLW      0
0x0238	0x3D5F      	ADDWFC     FARG_RS485Slave_Send_data_buffer+1, 0
0x0239	0x0085      	MOVWF      FSR0H
0x023A	0x0800      	MOVF       INDF0, 0
0x023B	0x00F1      	MOVWF      R1
0x023C	0x0871      	MOVF       R1, 0
0x023D	0x00E5      	MOVWF      RS485Slave_Send_temp_L0
;__Lib_RS485.c,215 :: 		
0x023E	0x0871      	MOVF       R1, 0
0x023F	0x3A96      	XORLW      150
0x0240	0x1903      	BTFSC      STATUS, 2
0x0241	0x2A47      	GOTO       L__RS485Slave_Send108
0x0242	0x0865      	MOVF       RS485Slave_Send_temp_L0, 0
0x0243	0x3AA9      	XORLW      169
0x0244	0x1903      	BTFSC      STATUS, 2
0x0245	0x2A47      	GOTO       L__RS485Slave_Send108
0x0246	0x2A66      	GOTO       L_RS485Slave_Send47
L__RS485Slave_Send108:
;__Lib_RS485.c,216 :: 		
0x0247	0x0861      	MOVF       RS485Slave_Send_i_L0, 0
0x0248	0x075E      	ADDWF      FARG_RS485Slave_Send_data_buffer, 0
0x0249	0x00F1      	MOVWF      R1
0x024A	0x3000      	MOVLW      0
0x024B	0x3D5F      	ADDWFC     FARG_RS485Slave_Send_data_buffer+1, 0
0x024C	0x00F2      	MOVWF      R2
0x024D	0x0871      	MOVF       R1, 0
0x024E	0x0084      	MOVWF      FSR0
0x024F	0x0872      	MOVF       R2, 0
0x0250	0x0085      	MOVWF      FSR0H
0x0251	0x3001      	MOVLW      1
0x0252	0x0600      	XORWF      INDF0, 0
0x0253	0x00F0      	MOVWF      R0
0x0254	0x0871      	MOVF       R1, 0
0x0255	0x0086      	MOVWF      FSR1
0x0256	0x0872      	MOVF       R2, 0
0x0257	0x0087      	MOVWF      FSR1H
0x0258	0x0870      	MOVF       R0, 0
0x0259	0x0081      	MOVWF      INDF1
;__Lib_RS485.c,217 :: 		
0x025A	0x0861      	MOVF       RS485Slave_Send_i_L0, 0
0x025B	0x00F1      	MOVWF      R1
0x025C	0x3004      	MOVLW      4
0x025D	0x00F0      	MOVWF      R0
0x025E	0x0871      	MOVF       R1, 0
L__RS485Slave_Send120:
0x025F	0x1903      	BTFSC      STATUS, 2
0x0260	0x2A64      	GOTO       L__RS485Slave_Send121
0x0261	0x35F0      	LSLF       R0, 1
0x0262	0x3EFF      	ADDLW      255
0x0263	0x2A5F      	GOTO       L__RS485Slave_Send120
L__RS485Slave_Send121:
0x0264	0x0870      	MOVF       R0, 0
0x0265	0x04E0      	IORWF       FARG_RS485Slave_Send_datalen, 1
;__Lib_RS485.c,218 :: 		
L_RS485Slave_Send47:
;__Lib_RS485.c,213 :: 		
0x0266	0x0AE1      	INCF       RS485Slave_Send_i_L0, 1
;__Lib_RS485.c,219 :: 		
0x0267	0x2A30      	GOTO       L_RS485Slave_Send42
L_RS485Slave_Send43:
;__Lib_RS485.c,220 :: 		
0x0268	0x083A      	MOVF       _UART_Wr_Ptr+2, 0
0x0269	0x0086      	MOVWF      FSR1
0x026A	0x083B      	MOVF       _UART_Wr_Ptr+3, 0
0x026B	0x0087      	MOVWF      FSR1H
0x026C	0x0860      	MOVF       FARG_RS485Slave_Send_datalen, 0
0x026D	0x0081      	MOVWF      INDF1
0x026E	0x3141      	ADDFSR     1, 1
0x026F	0x0838      	MOVF       _UART_Wr_Ptr, 0
0x0270	0x00F0      	MOVWF      R0
0x0271	0x0839      	MOVF       _UART_Wr_Ptr+1, 0
0x0272	0x00F1      	MOVWF      R1
0x0273	0x2068      	CALL       _____DoIFC
;__Lib_RS485.c,221 :: 		
0x0274	0x0020      	MOVLB      0
0x0275	0x0864      	MOVF       RS485Slave_Send_slave_address_L0, 0
0x0276	0x0660      	XORWF      FARG_RS485Slave_Send_datalen, 0
0x0277	0x00E2      	MOVWF      RS485Slave_Send_crc_send_L0
;__Lib_RS485.c,222 :: 		
0x0278	0x01E1      	CLRF       RS485Slave_Send_i_L0
L_RS485Slave_Send48:
0x0279	0x0861      	MOVF       RS485Slave_Send_i_L0, 0
0x027A	0x0263      	SUBWF      RS485Slave_Send_len_L0, 0
0x027B	0x1C03      	BTFSS      STATUS, 0
0x027C	0x2A9C      	GOTO       L_RS485Slave_Send49
;__Lib_RS485.c,223 :: 		
0x027D	0x0861      	MOVF       RS485Slave_Send_i_L0, 0
0x027E	0x075E      	ADDWF      FARG_RS485Slave_Send_data_buffer, 0
0x027F	0x00F0      	MOVWF      R0
0x0280	0x3000      	MOVLW      0
0x0281	0x3D5F      	ADDWFC     FARG_RS485Slave_Send_data_buffer+1, 0
0x0282	0x00F1      	MOVWF      R1
0x0283	0x0870      	MOVF       R0, 0
0x0284	0x0084      	MOVWF      FSR0
0x0285	0x0871      	MOVF       R1, 0
0x0286	0x0085      	MOVWF      FSR0H
0x0287	0x0800      	MOVF       INDF0, 0
0x0288	0x06E2      	XORWF      RS485Slave_Send_crc_send_L0, 1
;__Lib_RS485.c,224 :: 		
0x0289	0x083A      	MOVF       _UART_Wr_Ptr+2, 0
0x028A	0x0086      	MOVWF      FSR1
0x028B	0x083B      	MOVF       _UART_Wr_Ptr+3, 0
0x028C	0x0087      	MOVWF      FSR1H
0x028D	0x0870      	MOVF       R0, 0
0x028E	0x0084      	MOVWF      FSR0
0x028F	0x0871      	MOVF       R1, 0
0x0290	0x0085      	MOVWF      FSR0H
0x0291	0x0800      	MOVF       INDF0, 0
0x0292	0x0081      	MOVWF      INDF1
0x0293	0x3141      	ADDFSR     1, 1
0x0294	0x0838      	MOVF       _UART_Wr_Ptr, 0
0x0295	0x00F0      	MOVWF      R0
0x0296	0x0839      	MOVF       _UART_Wr_Ptr+1, 0
0x0297	0x00F1      	MOVWF      R1
0x0298	0x2068      	CALL       _____DoIFC
;__Lib_RS485.c,222 :: 		
0x0299	0x0020      	MOVLB      0
0x029A	0x0AE1      	INCF       RS485Slave_Send_i_L0, 1
;__Lib_RS485.c,225 :: 		
0x029B	0x2A79      	GOTO       L_RS485Slave_Send48
L_RS485Slave_Send49:
;__Lib_RS485.c,227 :: 		
0x029C	0x0962      	COMF       RS485Slave_Send_crc_send_L0, 0
0x029D	0x00F1      	MOVWF      R1
0x029E	0x0871      	MOVF       R1, 0
0x029F	0x00E2      	MOVWF      RS485Slave_Send_crc_send_L0
;__Lib_RS485.c,228 :: 		
0x02A0	0x0871      	MOVF       R1, 0
0x02A1	0x3A96      	XORLW      150
0x02A2	0x1903      	BTFSC      STATUS, 2
0x02A3	0x2AA9      	GOTO       L__RS485Slave_Send107
0x02A4	0x0862      	MOVF       RS485Slave_Send_crc_send_L0, 0
0x02A5	0x3AA9      	XORLW      169
0x02A6	0x1903      	BTFSC      STATUS, 2
0x02A7	0x2AA9      	GOTO       L__RS485Slave_Send107
0x02A8	0x2AAA      	GOTO       L_RS485Slave_Send53
L__RS485Slave_Send107:
;__Lib_RS485.c,229 :: 		
0x02A9	0x0AE2      	INCF       RS485Slave_Send_crc_send_L0, 1
L_RS485Slave_Send53:
;__Lib_RS485.c,230 :: 		
0x02AA	0x083A      	MOVF       _UART_Wr_Ptr+2, 0
0x02AB	0x0086      	MOVWF      FSR1
0x02AC	0x083B      	MOVF       _UART_Wr_Ptr+3, 0
0x02AD	0x0087      	MOVWF      FSR1H
0x02AE	0x0862      	MOVF       RS485Slave_Send_crc_send_L0, 0
0x02AF	0x0081      	MOVWF      INDF1
0x02B0	0x3141      	ADDFSR     1, 1
0x02B1	0x0838      	MOVF       _UART_Wr_Ptr, 0
0x02B2	0x00F0      	MOVWF      R0
0x02B3	0x0839      	MOVF       _UART_Wr_Ptr+1, 0
0x02B4	0x00F1      	MOVWF      R1
0x02B5	0x2068      	CALL       _____DoIFC
;__Lib_RS485.c,231 :: 		
0x02B6	0x0020      	MOVLB      0
0x02B7	0x083A      	MOVF       _UART_Wr_Ptr+2, 0
0x02B8	0x0086      	MOVWF      FSR1
0x02B9	0x083B      	MOVF       _UART_Wr_Ptr+3, 0
0x02BA	0x0087      	MOVWF      FSR1H
0x02BB	0x30A9      	MOVLW      169
0x02BC	0x0081      	MOVWF      INDF1
0x02BD	0x3141      	ADDFSR     1, 1
0x02BE	0x0838      	MOVF       _UART_Wr_Ptr, 0
0x02BF	0x00F0      	MOVWF      R0
0x02C0	0x0839      	MOVF       _UART_Wr_Ptr+1, 0
0x02C1	0x00F1      	MOVWF      R1
0x02C2	0x2068      	CALL       _____DoIFC
;__Lib_RS485.c,233 :: 		
L_RS485Slave_Send54:
0x02C3	0x0020      	MOVLB      0
0x02C4	0x0834      	MOVF       _UART_Tx_Idle_Ptr, 0
0x02C5	0x00F0      	MOVWF      R0
0x02C6	0x0835      	MOVF       _UART_Tx_Idle_Ptr+1, 0
0x02C7	0x00F1      	MOVWF      R1
0x02C8	0x2068      	CALL       _____DoIFC
0x02C9	0x0870      	MOVF       R0, 0
0x02CA	0x3A00      	XORLW      0
0x02CB	0x1D03      	BTFSS      STATUS, 2
0x02CC	0x2ACE      	GOTO       L_RS485Slave_Send55
;__Lib_RS485.c,234 :: 		
0x02CD	0x2AC3      	GOTO       L_RS485Slave_Send54
L_RS485Slave_Send55:
;__Lib_RS485.c,236 :: 		
0x02CE	0x0020      	MOVLB      0
0x02CF	0x120C      	BCF        rs485_rxtx_pin, BitPos(rs485_rxtx_pin+0)
;__Lib_RS485.c,237 :: 		
L_end_RS485Slave_Send:
0x02D0	0x0008      	RETURN
; end of _RS485Slave_Send
_AM2302_Read:
;Slaver.c,96 :: 		char AM2302_Read(unsigned *humidity, unsigned *temperature) {
;Slaver.c,97 :: 		char i = 0, j = 1;
0x02D1	0x0020      	MOVLB      0
0x02D2	0x01E2      	CLRF       AM2302_Read_i_L0
0x02D3	0x3001      	MOVLW      1
0x02D4	0x00E3      	MOVWF      AM2302_Read_j_L0
0x02D5	0x01E4      	CLRF       AM2302_Read_timeout_L0
;Slaver.c,100 :: 		AM2302_Bus_Out = 0;
0x02D6	0x0022      	MOVLB      2
0x02D7	0x128D      	BCF        LATB5_bit, BitPos(LATB5_bit+0)
;Slaver.c,102 :: 		AM2302_Bus_Direction = 1;                         //Set AM2302_Bus as input
0x02D8	0x0021      	MOVLB      1
0x02D9	0x168D      	BSF        TRISB5_bit, BitPos(TRISB5_bit+0)
;Slaver.c,103 :: 		AM2302_Bus_Direction = 0;                         //Set AM2302_Bus as output
0x02DA	0x128D      	BCF        TRISB5_bit, BitPos(TRISB5_bit+0)
;Slaver.c,104 :: 		AM2302_Bus_Out = 0;                               //Host the start signal down time min: 0.8ms, typ: 1ms, max: 20ms
0x02DB	0x0022      	MOVLB      2
0x02DC	0x128D      	BCF        LATB5_bit, BitPos(LATB5_bit+0)
;Slaver.c,105 :: 		Delay_ms(18);
0x02DD	0x302F      	MOVLW      47
0x02DE	0x00FC      	MOVWF      R12
0x02DF	0x30BF      	MOVLW      191
0x02E0	0x00FD      	MOVWF      R13
L_AM2302_Read9:
0x02E1	0x0BFD      	DECFSZ     R13, 1
0x02E2	0x2AE1      	GOTO       L_AM2302_Read9
0x02E3	0x0BFC      	DECFSZ     R12, 1
0x02E4	0x2AE1      	GOTO       L_AM2302_Read9
0x02E5	0x0000      	NOP
0x02E6	0x0000      	NOP
;Slaver.c,106 :: 		AM2302_Bus_Out = 1;                               //Set AM2302_Bus HIGH
0x02E7	0x168D      	BSF        LATB5_bit, BitPos(LATB5_bit+0)
;Slaver.c,107 :: 		Delay_us(20);                                       //Delay 20us
0x02E8	0x300D      	MOVLW      13
0x02E9	0x00FD      	MOVWF      R13
L_AM2302_Read10:
0x02EA	0x0BFD      	DECFSZ     R13, 1
0x02EB	0x2AEA      	GOTO       L_AM2302_Read10
;Slaver.c,108 :: 		AM2302_Bus_Direction = 1;                         //Set AM2302_Bus as input
0x02EC	0x0021      	MOVLB      1
0x02ED	0x168D      	BSF        TRISB5_bit, BitPos(TRISB5_bit+0)
;Slaver.c,111 :: 		timeout = 30;
0x02EE	0x301E      	MOVLW      30
0x02EF	0x0020      	MOVLB      0
0x02F0	0x00E4      	MOVWF      AM2302_Read_timeout_L0
;Slaver.c,112 :: 		while (AM2302_Bus_In == 1) {
L_AM2302_Read11:
0x02F1	0x1E8D      	BTFSS      RB5_bit, BitPos(RB5_bit+0)
0x02F2	0x2AFF      	GOTO       L_AM2302_Read12
;Slaver.c,113 :: 		Delay_us(1);
0x02F3	0x0000      	NOP
0x02F4	0x0000      	NOP
;Slaver.c,114 :: 		if (!timeout--) {
0x02F5	0x0864      	MOVF       AM2302_Read_timeout_L0, 0
0x02F6	0x00F0      	MOVWF      R0
0x02F7	0x03E4      	DECF       AM2302_Read_timeout_L0, 1
0x02F8	0x0870      	MOVF       R0, 0
0x02F9	0x1D03      	BTFSS      STATUS, 2
0x02FA	0x2AFE      	GOTO       L_AM2302_Read13
;Slaver.c,115 :: 		return 1;
0x02FB	0x3001      	MOVLW      1
0x02FC	0x00F0      	MOVWF      R0
0x02FD	0x2B64      	GOTO       L_end_AM2302_Read
;Slaver.c,116 :: 		} //ERROR: Sensor not responding
L_AM2302_Read13:
;Slaver.c,117 :: 		}
0x02FE	0x2AF1      	GOTO       L_AM2302_Read11
L_AM2302_Read12:
;Slaver.c,120 :: 		while (!AM2302_Bus_In) { //response to low time
L_AM2302_Read14:
0x02FF	0x1A8D      	BTFSC      RB5_bit, BitPos(RB5_bit+0)
0x0300	0x2B06      	GOTO       L_AM2302_Read15
;Slaver.c,121 :: 		Delay_us(80);
0x0301	0x3035      	MOVLW      53
0x0302	0x00FD      	MOVWF      R13
L_AM2302_Read16:
0x0303	0x0BFD      	DECFSZ     R13, 1
0x0304	0x2B03      	GOTO       L_AM2302_Read16
;Slaver.c,122 :: 		}
0x0305	0x2AFF      	GOTO       L_AM2302_Read14
L_AM2302_Read15:
;Slaver.c,124 :: 		while (AM2302_Bus_In) {  //response to high time
L_AM2302_Read17:
0x0306	0x1E8D      	BTFSS      RB5_bit, BitPos(RB5_bit+0)
0x0307	0x2B0D      	GOTO       L_AM2302_Read18
;Slaver.c,125 :: 		Delay_us(50);
0x0308	0x3021      	MOVLW      33
0x0309	0x00FD      	MOVWF      R13
L_AM2302_Read19:
0x030A	0x0BFD      	DECFSZ     R13, 1
0x030B	0x2B0A      	GOTO       L_AM2302_Read19
;Slaver.c,126 :: 		}
0x030C	0x2B06      	GOTO       L_AM2302_Read17
L_AM2302_Read18:
;Slaver.c,135 :: 		i = 0; //get 5 byte
0x030D	0x01E2      	CLRF       AM2302_Read_i_L0
;Slaver.c,136 :: 		for (i = 0; i < 5; i++) {
0x030E	0x01E2      	CLRF       AM2302_Read_i_L0
L_AM2302_Read20:
0x030F	0x3005      	MOVLW      5
0x0310	0x0262      	SUBWF      AM2302_Read_i_L0, 0
0x0311	0x1803      	BTFSC      STATUS, 0
0x0312	0x2B43      	GOTO       L_AM2302_Read21
;Slaver.c,137 :: 		j = 1;
0x0313	0x3001      	MOVLW      1
0x0314	0x00E3      	MOVWF      AM2302_Read_j_L0
;Slaver.c,138 :: 		for (j = 1; j <= 8; j++) { //get 8 bits from sensor
0x0315	0x3001      	MOVLW      1
0x0316	0x00E3      	MOVWF      AM2302_Read_j_L0
L_AM2302_Read23:
0x0317	0x0863      	MOVF       AM2302_Read_j_L0, 0
0x0318	0x3C08      	SUBLW      8
0x0319	0x1C03      	BTFSS      STATUS, 0
0x031A	0x2B37      	GOTO       L_AM2302_Read24
;Slaver.c,139 :: 		while (!AM2302_Bus_In) { //signal "0", "1" low time
L_AM2302_Read26:
0x031B	0x1A8D      	BTFSC      RB5_bit, BitPos(RB5_bit+0)
0x031C	0x2B20      	GOTO       L_AM2302_Read27
;Slaver.c,140 :: 		Delay_us(1);
0x031D	0x0000      	NOP
0x031E	0x0000      	NOP
;Slaver.c,141 :: 		}
0x031F	0x2B1B      	GOTO       L_AM2302_Read26
L_AM2302_Read27:
;Slaver.c,142 :: 		Delay_us(30);
0x0320	0x3013      	MOVLW      19
0x0321	0x00FD      	MOVWF      R13
L_AM2302_Read28:
0x0322	0x0BFD      	DECFSZ     R13, 1
0x0323	0x2B22      	GOTO       L_AM2302_Read28
0x0324	0x0000      	NOP
0x0325	0x0000      	NOP
;Slaver.c,143 :: 		sensor_byte <<= 1;       //add new lower byte
0x0326	0x35F3      	LSLF       R3, 1
;Slaver.c,144 :: 		if (AM2302_Bus_In) {     //if sda high after 30us => bit=1 else bit=0
0x0327	0x1E8D      	BTFSS      RB5_bit, BitPos(RB5_bit+0)
0x0328	0x2B35      	GOTO       L_AM2302_Read29
;Slaver.c,145 :: 		sensor_byte |= 1;
0x0329	0x1473      	BSF        R3, 0
;Slaver.c,146 :: 		delay_us(45);
0x032A	0x301D      	MOVLW      29
0x032B	0x00FD      	MOVWF      R13
L_AM2302_Read30:
0x032C	0x0BFD      	DECFSZ     R13, 1
0x032D	0x2B2C      	GOTO       L_AM2302_Read30
0x032E	0x0000      	NOP
0x032F	0x0000      	NOP
;Slaver.c,147 :: 		while (AM2302_Bus_In) {
L_AM2302_Read31:
0x0330	0x1E8D      	BTFSS      RB5_bit, BitPos(RB5_bit+0)
0x0331	0x2B35      	GOTO       L_AM2302_Read32
;Slaver.c,148 :: 		Delay_us(1);
0x0332	0x0000      	NOP
0x0333	0x0000      	NOP
;Slaver.c,149 :: 		}
0x0334	0x2B30      	GOTO       L_AM2302_Read31
L_AM2302_Read32:
;Slaver.c,150 :: 		}
L_AM2302_Read29:
;Slaver.c,138 :: 		for (j = 1; j <= 8; j++) { //get 8 bits from sensor
0x0335	0x0AE3      	INCF       AM2302_Read_j_L0, 1
;Slaver.c,151 :: 		}
0x0336	0x2B17      	GOTO       L_AM2302_Read23
L_AM2302_Read24:
;Slaver.c,152 :: 		AM2302_Data[i] = sensor_byte;
0x0337	0x3028      	MOVLW      _AM2302_Data
0x0338	0x0086      	MOVWF      FSR1
0x0339	0x3000      	MOVLW      hi_addr(_AM2302_Data)
0x033A	0x0087      	MOVWF      FSR1H
0x033B	0x0862      	MOVF       AM2302_Read_i_L0, 0
0x033C	0x0786      	ADDWF      FSR1, 1
0x033D	0x1803      	BTFSC      STATUS, 0
0x033E	0x0A87      	INCF       FSR1H, 1
0x033F	0x0873      	MOVF       R3, 0
0x0340	0x0081      	MOVWF      INDF1
;Slaver.c,136 :: 		for (i = 0; i < 5; i++) {
0x0341	0x0AE2      	INCF       AM2302_Read_i_L0, 1
;Slaver.c,153 :: 		}
0x0342	0x2B0F      	GOTO       L_AM2302_Read20
L_AM2302_Read21:
;Slaver.c,155 :: 		*humidity = (AM2302_Data[0] << 8) + AM2302_Data[1];
0x0343	0x0828      	MOVF       _AM2302_Data, 0
0x0344	0x00F1      	MOVWF      R1
0x0345	0x01F0      	CLRF       R0
0x0346	0x0829      	MOVF       _AM2302_Data+1, 0
0x0347	0x07F0      	ADDWF      R0, 1
0x0348	0x3000      	MOVLW      0
0x0349	0x3DF1      	ADDWFC     R1, 1
0x034A	0x085E      	MOVF       FARG_AM2302_Read_humidity, 0
0x034B	0x0086      	MOVWF      FSR1
0x034C	0x085F      	MOVF       FARG_AM2302_Read_humidity+1, 0
0x034D	0x0087      	MOVWF      FSR1H
0x034E	0x0870      	MOVF       R0, 0
0x034F	0x0081      	MOVWF      INDF1
0x0350	0x0871      	MOVF       R1, 0
0x0351	0x3141      	ADDFSR     1, 1
0x0352	0x0081      	MOVWF      INDF1
;Slaver.c,156 :: 		*temperature = (AM2302_Data[2] << 8) + AM2302_Data[3];
0x0353	0x082A      	MOVF       _AM2302_Data+2, 0
0x0354	0x00F1      	MOVWF      R1
0x0355	0x01F0      	CLRF       R0
0x0356	0x082B      	MOVF       _AM2302_Data+3, 0
0x0357	0x07F0      	ADDWF      R0, 1
0x0358	0x3000      	MOVLW      0
0x0359	0x3DF1      	ADDWFC     R1, 1
0x035A	0x0860      	MOVF       FARG_AM2302_Read_temperature, 0
0x035B	0x0086      	MOVWF      FSR1
0x035C	0x0861      	MOVF       FARG_AM2302_Read_temperature+1, 0
0x035D	0x0087      	MOVWF      FSR1H
0x035E	0x0870      	MOVF       R0, 0
0x035F	0x0081      	MOVWF      INDF1
0x0360	0x0871      	MOVF       R1, 0
0x0361	0x3141      	ADDFSR     1, 1
0x0362	0x0081      	MOVWF      INDF1
;Slaver.c,158 :: 		return 0;
0x0363	0x01F0      	CLRF       R0
;Slaver.c,159 :: 		}
L_end_AM2302_Read:
0x0364	0x0008      	RETURN
; end of _AM2302_Read
_dislay:
;Slaver.c,195 :: 		void dislay(){
;Slaver.c,198 :: 		max7219(1,0);
0x0365	0x3001      	MOVLW      1
0x0366	0x0020      	MOVLB      0
0x0367	0x00E6      	MOVWF      FARG_max7219_adres
0x0368	0x01E7      	CLRF       FARG_max7219_deger
0x0369	0x206D      	CALL       _max7219
;Slaver.c,199 :: 		max7219(2,0);
0x036A	0x3002      	MOVLW      2
0x036B	0x00E6      	MOVWF      FARG_max7219_adres
0x036C	0x01E7      	CLRF       FARG_max7219_deger
0x036D	0x206D      	CALL       _max7219
;Slaver.c,200 :: 		max7219(3,0);
0x036E	0x3003      	MOVLW      3
0x036F	0x00E6      	MOVWF      FARG_max7219_adres
0x0370	0x01E7      	CLRF       FARG_max7219_deger
0x0371	0x206D      	CALL       _max7219
;Slaver.c,201 :: 		max7219(4,0);
0x0372	0x3004      	MOVLW      4
0x0373	0x00E6      	MOVWF      FARG_max7219_adres
0x0374	0x01E7      	CLRF       FARG_max7219_deger
0x0375	0x206D      	CALL       _max7219
;Slaver.c,203 :: 		max7219(5,0);
0x0376	0x3005      	MOVLW      5
0x0377	0x00E6      	MOVWF      FARG_max7219_adres
0x0378	0x01E7      	CLRF       FARG_max7219_deger
0x0379	0x206D      	CALL       _max7219
;Slaver.c,204 :: 		max7219(6,0);
0x037A	0x3006      	MOVLW      6
0x037B	0x00E6      	MOVWF      FARG_max7219_adres
0x037C	0x01E7      	CLRF       FARG_max7219_deger
0x037D	0x206D      	CALL       _max7219
;Slaver.c,205 :: 		max7219(7,0);
0x037E	0x3007      	MOVLW      7
0x037F	0x00E6      	MOVWF      FARG_max7219_adres
0x0380	0x01E7      	CLRF       FARG_max7219_deger
0x0381	0x206D      	CALL       _max7219
;Slaver.c,206 :: 		max7219(8,0);
0x0382	0x3008      	MOVLW      8
0x0383	0x00E6      	MOVWF      FARG_max7219_adres
0x0384	0x01E7      	CLRF       FARG_max7219_deger
0x0385	0x206D      	CALL       _max7219
;Slaver.c,207 :: 		}
L_end_dislay:
0x0386	0x0008      	RETURN
; end of _dislay
_InitTimer1:
;Slaver.c,208 :: 		void InitTimer1(){
;Slaver.c,209 :: 		T1CON         = 0x21;
0x0387	0x3021      	MOVLW      33
0x0388	0x0020      	MOVLB      0
0x0389	0x0098      	MOVWF      T1CON
;Slaver.c,210 :: 		RCIE_bit = 1;                      // enable interrupt on UART1 receive
0x038A	0x0021      	MOVLB      1
0x038B	0x1691      	BSF        RCIE_bit, BitPos(RCIE_bit+0)
;Slaver.c,211 :: 		TXIE_bit = 0;                      // disable interrupt on UART1 transmit
0x038C	0x1211      	BCF        TXIE_bit, BitPos(TXIE_bit+0)
;Slaver.c,214 :: 		TMR1IF_bit         = 0;
0x038D	0x0020      	MOVLB      0
0x038E	0x1011      	BCF        TMR1IF_bit, BitPos(TMR1IF_bit+0)
;Slaver.c,215 :: 		TMR1H         = 0x3C;
0x038F	0x303C      	MOVLW      60
0x0390	0x0097      	MOVWF      TMR1H
;Slaver.c,216 :: 		TMR1L         = 0xB0;
0x0391	0x30B0      	MOVLW      176
0x0392	0x0096      	MOVWF      TMR1L
;Slaver.c,217 :: 		TMR1IE_bit         = 1;
0x0393	0x0021      	MOVLB      1
0x0394	0x1411      	BSF        TMR1IE_bit, BitPos(TMR1IE_bit+0)
;Slaver.c,219 :: 		cnt =   0;
0x0395	0x0020      	MOVLB      0
0x0396	0x01BC      	CLRF       _cnt
;Slaver.c,220 :: 		INTCON         = 0xC0;
0x0397	0x30C0      	MOVLW      192
0x0398	0x008B      	MOVWF      INTCON
;Slaver.c,221 :: 		}
L_end_InitTimer1:
0x0399	0x0008      	RETURN
; end of _InitTimer1
_RS485Slave_Receive:
;__Lib_RS485.c,75 :: 		
;__Lib_RS485.c,79 :: 		
0x039A	0x0020      	MOVLB      0
0x039B	0x085A      	MOVF       _UART_Rdy_Ptr, 0
0x039C	0x00F0      	MOVWF      R0
0x039D	0x085B      	MOVF       _UART_Rdy_Ptr+1, 0
0x039E	0x00F1      	MOVWF      R1
0x039F	0x2068      	CALL       _____DoIFC
0x03A0	0x0870      	MOVF       R0, 0
0x03A1	0x1D03      	BTFSS      STATUS, 2
0x03A2	0x2BA4      	GOTO       L_RS485Slave_Receive3
;__Lib_RS485.c,80 :: 		
0x03A3	0x2CCF      	GOTO       L_end_RS485Slave_Receive
L_RS485Slave_Receive3:
;__Lib_RS485.c,81 :: 		
0x03A4	0x0020      	MOVLB      0
0x03A5	0x0856      	MOVF       _UART_Rd_Ptr, 0
0x03A6	0x00F0      	MOVWF      R0
0x03A7	0x0857      	MOVF       _UART_Rd_Ptr+1, 0
0x03A8	0x00F1      	MOVWF      R1
0x03A9	0x2068      	CALL       _____DoIFC
0x03AA	0x0870      	MOVF       R0, 0
0x03AB	0x0020      	MOVLB      0
0x03AC	0x00D2      	MOVWF      RS485Slave_Receive_rec_L0
;__Lib_RS485.c,83 :: 		
0x03AD	0x2CB2      	GOTO       L_RS485Slave_Receive4
;__Lib_RS485.c,84 :: 		
L_RS485Slave_Receive6:
;__Lib_RS485.c,85 :: 		
0x03AE	0x0852      	MOVF       RS485Slave_Receive_rec_L0, 0
0x03AF	0x3A96      	XORLW      150
0x03B0	0x1D03      	BTFSS      STATUS, 2
0x03B1	0x2BB5      	GOTO       L_RS485Slave_Receive7
;__Lib_RS485.c,86 :: 		
0x03B2	0x3002      	MOVLW      2
0x03B3	0x00B3      	MOVWF      __Lib_RS485_sl_state
;__Lib_RS485.c,87 :: 		
0x03B4	0x01D4      	CLRF       RS485Slave_Receive_crc_is_ok_L0
;__Lib_RS485.c,88 :: 		
L_RS485Slave_Receive7:
;__Lib_RS485.c,89 :: 		
0x03B5	0x2CCF      	GOTO       L_RS485Slave_Receive5
;__Lib_RS485.c,92 :: 		
L_RS485Slave_Receive8:
;__Lib_RS485.c,93 :: 		
0x03B6	0x0852      	MOVF       RS485Slave_Receive_rec_L0, 0
0x03B7	0x0631      	XORWF      __Lib_RS485__sladdress, 0
0x03B8	0x1903      	BTFSC      STATUS, 2
0x03B9	0x2BBF      	GOTO       L__RS485Slave_Receive106
0x03BA	0x0852      	MOVF       RS485Slave_Receive_rec_L0, 0
0x03BB	0x3A32      	XORLW      50
0x03BC	0x1903      	BTFSC      STATUS, 2
0x03BD	0x2BBF      	GOTO       L__RS485Slave_Receive106
0x03BE	0x2BC4      	GOTO       L_RS485Slave_Receive11
L__RS485Slave_Receive106:
;__Lib_RS485.c,94 :: 		
0x03BF	0x3003      	MOVLW      3
0x03C0	0x00B3      	MOVWF      __Lib_RS485_sl_state
;__Lib_RS485.c,96 :: 		
0x03C1	0x0852      	MOVF       RS485Slave_Receive_rec_L0, 0
0x03C2	0x06D4      	XORWF      RS485Slave_Receive_crc_is_ok_L0, 1
;__Lib_RS485.c,97 :: 		
0x03C3	0x2BC6      	GOTO       L_RS485Slave_Receive12
L_RS485Slave_Receive11:
;__Lib_RS485.c,99 :: 		
0x03C4	0x3001      	MOVLW      1
0x03C5	0x00B3      	MOVWF      __Lib_RS485_sl_state
;__Lib_RS485.c,100 :: 		
L_RS485Slave_Receive12:
;__Lib_RS485.c,101 :: 		
0x03C6	0x2CCF      	GOTO       L_RS485Slave_Receive5
;__Lib_RS485.c,103 :: 		
L_RS485Slave_Receive13:
;__Lib_RS485.c,104 :: 		
0x03C7	0x0832      	MOVF       __Lib_RS485_specadr, 0
0x03C8	0x1903      	BTFSC      STATUS, 2
0x03C9	0x2BD4      	GOTO       L_RS485Slave_Receive14
;__Lib_RS485.c,105 :: 		
0x03CA	0x3040      	MOVLW      64
0x03CB	0x0552      	ANDWF      RS485Slave_Receive_rec_L0, 0
0x03CC	0x00F1      	MOVWF      R1
0x03CD	0x0871      	MOVF       R1, 0
0x03CE	0x3A00      	XORLW      0
0x03CF	0x1D03      	BTFSS      STATUS, 2
0x03D0	0x2BD4      	GOTO       L_RS485Slave_Receive15
;__Lib_RS485.c,106 :: 		
0x03D1	0x3001      	MOVLW      1
0x03D2	0x00B3      	MOVWF      __Lib_RS485_sl_state
;__Lib_RS485.c,107 :: 		
0x03D3	0x2CCF      	GOTO       L_RS485Slave_Receive5
;__Lib_RS485.c,108 :: 		
L_RS485Slave_Receive15:
L_RS485Slave_Receive14:
;__Lib_RS485.c,110 :: 		
0x03D4	0x1FD2      	BTFSS      RS485Slave_Receive_rec_L0, 7
0x03D5	0x2BEA      	GOTO       L_RS485Slave_Receive16
;__Lib_RS485.c,111 :: 		
0x03D6	0x3004      	MOVLW      4
0x03D7	0x00B3      	MOVWF      __Lib_RS485_sl_state
;__Lib_RS485.c,112 :: 		
0x03D8	0x0852      	MOVF       RS485Slave_Receive_rec_L0, 0
0x03D9	0x00D5      	MOVWF      RS485Slave_Receive_key_L0
;__Lib_RS485.c,113 :: 		
0x03DA	0x0852      	MOVF       RS485Slave_Receive_rec_L0, 0
0x03DB	0x06D4      	XORWF      RS485Slave_Receive_crc_is_ok_L0, 1
;__Lib_RS485.c,114 :: 		
0x03DC	0x3003      	MOVLW      3
0x03DD	0x0552      	ANDWF      RS485Slave_Receive_rec_L0, 0
0x03DE	0x00F1      	MOVWF      R1
0x03DF	0x0871      	MOVF       R1, 0
0x03E0	0x00D1      	MOVWF      RS485Slave_Receive_datalen_L0
;__Lib_RS485.c,115 :: 		
0x03E1	0x0871      	MOVF       R1, 0
0x03E2	0x3A00      	XORLW      0
0x03E3	0x1D03      	BTFSS      STATUS, 2
0x03E4	0x2BE7      	GOTO       L_RS485Slave_Receive17
;__Lib_RS485.c,116 :: 		
0x03E5	0x3005      	MOVLW      5
0x03E6	0x00B3      	MOVWF      __Lib_RS485_sl_state
L_RS485Slave_Receive17:
;__Lib_RS485.c,117 :: 		
0x03E7	0x3001      	MOVLW      1
0x03E8	0x00D3      	MOVWF      RS485Slave_Receive_i_L0
;__Lib_RS485.c,118 :: 		
0x03E9	0x2BF4      	GOTO       L_RS485Slave_Receive18
L_RS485Slave_Receive16:
;__Lib_RS485.c,120 :: 		
0x03EA	0x3005      	MOVLW      5
0x03EB	0x0769      	ADDWF      FARG_RS485Slave_Receive_data_buffer, 0
0x03EC	0x0086      	MOVWF      FSR1
0x03ED	0x3000      	MOVLW      0
0x03EE	0x3D6A      	ADDWFC     FARG_RS485Slave_Receive_data_buffer+1, 0
0x03EF	0x0087      	MOVWF      FSR1H
0x03F0	0x30FF      	MOVLW      255
0x03F1	0x0081      	MOVWF      INDF1
;__Lib_RS485.c,121 :: 		
0x03F2	0x3001      	MOVLW      1
0x03F3	0x00B3      	MOVWF      __Lib_RS485_sl_state
;__Lib_RS485.c,122 :: 		
L_RS485Slave_Receive18:
;__Lib_RS485.c,123 :: 		
0x03F4	0x2CCF      	GOTO       L_RS485Slave_Receive5
;__Lib_RS485.c,125 :: 		
L_RS485Slave_Receive19:
;__Lib_RS485.c,126 :: 		
0x03F5	0x0852      	MOVF       RS485Slave_Receive_rec_L0, 0
0x03F6	0x3AA9      	XORLW      169
0x03F7	0x1D03      	BTFSS      STATUS, 2
0x03F8	0x2C04      	GOTO       L_RS485Slave_Receive20
;__Lib_RS485.c,127 :: 		
0x03F9	0x3005      	MOVLW      5
0x03FA	0x0769      	ADDWF      FARG_RS485Slave_Receive_data_buffer, 0
0x03FB	0x0086      	MOVWF      FSR1
0x03FC	0x3000      	MOVLW      0
0x03FD	0x3D6A      	ADDWFC     FARG_RS485Slave_Receive_data_buffer+1, 0
0x03FE	0x0087      	MOVWF      FSR1H
0x03FF	0x30FF      	MOVLW      255
0x0400	0x0081      	MOVWF      INDF1
;__Lib_RS485.c,128 :: 		
0x0401	0x3001      	MOVLW      1
0x0402	0x00B3      	MOVWF      __Lib_RS485_sl_state
;__Lib_RS485.c,129 :: 		
0x0403	0x2CCF      	GOTO       L_RS485Slave_Receive5
;__Lib_RS485.c,130 :: 		
L_RS485Slave_Receive20:
;__Lib_RS485.c,131 :: 		
0x0404	0x0853      	MOVF       RS485Slave_Receive_i_L0, 0
0x0405	0x0251      	SUBWF      RS485Slave_Receive_datalen_L0, 0
0x0406	0x00F0      	MOVWF      R0
0x0407	0x01F1      	CLRF       R1
0x0408	0x3000      	MOVLW      0
0x0409	0x3BF1      	SUBWFB     R1, 1
0x040A	0x0870      	MOVF       R0, 0
0x040B	0x0471      	IORWF       R1, 0
0x040C	0x1903      	BTFSC      STATUS, 2
0x040D	0x2C20      	GOTO       L_RS485Slave_Receive21
;__Lib_RS485.c,132 :: 		
0x040E	0x3001      	MOVLW      1
0x040F	0x0253      	SUBWF      RS485Slave_Receive_i_L0, 0
0x0410	0x00F0      	MOVWF      R0
0x0411	0x01F1      	CLRF       R1
0x0412	0x3000      	MOVLW      0
0x0413	0x3BF1      	SUBWFB     R1, 1
0x0414	0x0870      	MOVF       R0, 0
0x0415	0x0769      	ADDWF      FARG_RS485Slave_Receive_data_buffer, 0
0x0416	0x0086      	MOVWF      FSR1
0x0417	0x0871      	MOVF       R1, 0
0x0418	0x3D6A      	ADDWFC     FARG_RS485Slave_Receive_data_buffer+1, 0
0x0419	0x0087      	MOVWF      FSR1H
0x041A	0x0852      	MOVF       RS485Slave_Receive_rec_L0, 0
0x041B	0x0081      	MOVWF      INDF1
;__Lib_RS485.c,133 :: 		
0x041C	0x0852      	MOVF       RS485Slave_Receive_rec_L0, 0
0x041D	0x06D4      	XORWF      RS485Slave_Receive_crc_is_ok_L0, 1
;__Lib_RS485.c,134 :: 		
0x041E	0x0AD3      	INCF       RS485Slave_Receive_i_L0, 1
;__Lib_RS485.c,135 :: 		
0x041F	0x2C32      	GOTO       L_RS485Slave_Receive22
L_RS485Slave_Receive21:
;__Lib_RS485.c,137 :: 		
0x0420	0x3001      	MOVLW      1
0x0421	0x0253      	SUBWF      RS485Slave_Receive_i_L0, 0
0x0422	0x00F0      	MOVWF      R0
0x0423	0x01F1      	CLRF       R1
0x0424	0x3000      	MOVLW      0
0x0425	0x3BF1      	SUBWFB     R1, 1
0x0426	0x0870      	MOVF       R0, 0
0x0427	0x0769      	ADDWF      FARG_RS485Slave_Receive_data_buffer, 0
0x0428	0x0086      	MOVWF      FSR1
0x0429	0x0871      	MOVF       R1, 0
0x042A	0x3D6A      	ADDWFC     FARG_RS485Slave_Receive_data_buffer+1, 0
0x042B	0x0087      	MOVWF      FSR1H
0x042C	0x0852      	MOVF       RS485Slave_Receive_rec_L0, 0
0x042D	0x0081      	MOVWF      INDF1
;__Lib_RS485.c,138 :: 		
0x042E	0x3005      	MOVLW      5
0x042F	0x00B3      	MOVWF      __Lib_RS485_sl_state
;__Lib_RS485.c,139 :: 		
0x0430	0x0852      	MOVF       RS485Slave_Receive_rec_L0, 0
0x0431	0x06D4      	XORWF      RS485Slave_Receive_crc_is_ok_L0, 1
;__Lib_RS485.c,140 :: 		
L_RS485Slave_Receive22:
;__Lib_RS485.c,141 :: 		
0x0432	0x2CCF      	GOTO       L_RS485Slave_Receive5
;__Lib_RS485.c,143 :: 		
L_RS485Slave_Receive23:
;__Lib_RS485.c,144 :: 		
0x0433	0x0954      	COMF       RS485Slave_Receive_crc_is_ok_L0, 0
0x0434	0x00F1      	MOVWF      R1
0x0435	0x0871      	MOVF       R1, 0
0x0436	0x00D4      	MOVWF      RS485Slave_Receive_crc_is_ok_L0
;__Lib_RS485.c,145 :: 		
0x0437	0x0871      	MOVF       R1, 0
0x0438	0x3A96      	XORLW      150
0x0439	0x1903      	BTFSC      STATUS, 2
0x043A	0x2C40      	GOTO       L__RS485Slave_Receive105
0x043B	0x0854      	MOVF       RS485Slave_Receive_crc_is_ok_L0, 0
0x043C	0x3AA9      	XORLW      169
0x043D	0x1903      	BTFSC      STATUS, 2
0x043E	0x2C40      	GOTO       L__RS485Slave_Receive105
0x043F	0x2C41      	GOTO       L_RS485Slave_Receive26
L__RS485Slave_Receive105:
;__Lib_RS485.c,146 :: 		
0x0440	0x0AD4      	INCF       RS485Slave_Receive_crc_is_ok_L0, 1
L_RS485Slave_Receive26:
;__Lib_RS485.c,147 :: 		
0x0441	0x0854      	MOVF       RS485Slave_Receive_crc_is_ok_L0, 0
0x0442	0x0652      	XORWF      RS485Slave_Receive_rec_L0, 0
0x0443	0x1D03      	BTFSS      STATUS, 2
0x0444	0x2C48      	GOTO       L_RS485Slave_Receive27
;__Lib_RS485.c,148 :: 		
0x0445	0x3006      	MOVLW      6
0x0446	0x00B3      	MOVWF      __Lib_RS485_sl_state
0x0447	0x2C52      	GOTO       L_RS485Slave_Receive28
L_RS485Slave_Receive27:
;__Lib_RS485.c,150 :: 		
0x0448	0x3005      	MOVLW      5
0x0449	0x0769      	ADDWF      FARG_RS485Slave_Receive_data_buffer, 0
0x044A	0x0086      	MOVWF      FSR1
0x044B	0x3000      	MOVLW      0
0x044C	0x3D6A      	ADDWFC     FARG_RS485Slave_Receive_data_buffer+1, 0
0x044D	0x0087      	MOVWF      FSR1H
0x044E	0x30FF      	MOVLW      255
0x044F	0x0081      	MOVWF      INDF1
;__Lib_RS485.c,151 :: 		
0x0450	0x3001      	MOVLW      1
0x0451	0x00B3      	MOVWF      __Lib_RS485_sl_state
;__Lib_RS485.c,152 :: 		
L_RS485Slave_Receive28:
;__Lib_RS485.c,153 :: 		
0x0452	0x2CCF      	GOTO       L_RS485Slave_Receive5
;__Lib_RS485.c,155 :: 		
L_RS485Slave_Receive29:
;__Lib_RS485.c,156 :: 		
0x0453	0x0852      	MOVF       RS485Slave_Receive_rec_L0, 0
0x0454	0x3AA9      	XORLW      169
0x0455	0x1D03      	BTFSS      STATUS, 2
0x0456	0x2C99      	GOTO       L_RS485Slave_Receive30
;__Lib_RS485.c,157 :: 		
0x0457	0x3001      	MOVLW      1
0x0458	0x00B3      	MOVWF      __Lib_RS485_sl_state
;__Lib_RS485.c,158 :: 		
0x0459	0x3004      	MOVLW      4
0x045A	0x0769      	ADDWF      FARG_RS485Slave_Receive_data_buffer, 0
0x045B	0x0086      	MOVWF      FSR1
0x045C	0x3000      	MOVLW      0
0x045D	0x3D6A      	ADDWFC     FARG_RS485Slave_Receive_data_buffer+1, 0
0x045E	0x0087      	MOVWF      FSR1H
0x045F	0x30FF      	MOVLW      255
0x0460	0x0081      	MOVWF      INDF1
;__Lib_RS485.c,159 :: 		
0x0461	0x3003      	MOVLW      3
0x0462	0x0769      	ADDWF      FARG_RS485Slave_Receive_data_buffer, 0
0x0463	0x0086      	MOVWF      FSR1
0x0464	0x3000      	MOVLW      0
0x0465	0x3D6A      	ADDWFC     FARG_RS485Slave_Receive_data_buffer+1, 0
0x0466	0x0087      	MOVWF      FSR1H
0x0467	0x0851      	MOVF       RS485Slave_Receive_datalen_L0, 0
0x0468	0x0081      	MOVWF      INDF1
;__Lib_RS485.c,160 :: 		
0x0469	0x3001      	MOVLW      1
0x046A	0x00D3      	MOVWF      RS485Slave_Receive_i_L0
L_RS485Slave_Receive31:
0x046B	0x0853      	MOVF       RS485Slave_Receive_i_L0, 0
0x046C	0x0251      	SUBWF      RS485Slave_Receive_datalen_L0, 0
0x046D	0x1C03      	BTFSS      STATUS, 0
0x046E	0x2C98      	GOTO       L_RS485Slave_Receive32
;__Lib_RS485.c,162 :: 		
0x046F	0x0853      	MOVF       RS485Slave_Receive_i_L0, 0
0x0470	0x00F1      	MOVWF      R1
0x0471	0x3002      	MOVLW      2
0x0472	0x00F0      	MOVWF      R0
0x0473	0x0871      	MOVF       R1, 0
L__RS485Slave_Receive117:
0x0474	0x1903      	BTFSC      STATUS, 2
0x0475	0x2C79      	GOTO       L__RS485Slave_Receive118
0x0476	0x35F0      	LSLF       R0, 1
0x0477	0x3EFF      	ADDLW      255
0x0478	0x2C74      	GOTO       L__RS485Slave_Receive117
L__RS485Slave_Receive118:
;__Lib_RS485.c,163 :: 		
0x0479	0x0855      	MOVF       RS485Slave_Receive_key_L0, 0
0x047A	0x05F0      	ANDWF      R0, 1
0x047B	0x1903      	BTFSC      STATUS, 2
0x047C	0x2C96      	GOTO       L_RS485Slave_Receive34
;__Lib_RS485.c,164 :: 		
0x047D	0x3001      	MOVLW      1
0x047E	0x0253      	SUBWF      RS485Slave_Receive_i_L0, 0
0x047F	0x00F0      	MOVWF      R0
0x0480	0x01F1      	CLRF       R1
0x0481	0x3000      	MOVLW      0
0x0482	0x3BF1      	SUBWFB     R1, 1
0x0483	0x0870      	MOVF       R0, 0
0x0484	0x0769      	ADDWF      FARG_RS485Slave_Receive_data_buffer, 0
0x0485	0x00F2      	MOVWF      R2
0x0486	0x0871      	MOVF       R1, 0
0x0487	0x3D6A      	ADDWFC     FARG_RS485Slave_Receive_data_buffer+1, 0
0x0488	0x00F3      	MOVWF      R3
0x0489	0x0872      	MOVF       R2, 0
0x048A	0x0084      	MOVWF      FSR0
0x048B	0x0873      	MOVF       R3, 0
0x048C	0x0085      	MOVWF      FSR0H
0x048D	0x3001      	MOVLW      1
0x048E	0x0600      	XORWF      INDF0, 0
0x048F	0x00F0      	MOVWF      R0
0x0490	0x0872      	MOVF       R2, 0
0x0491	0x0086      	MOVWF      FSR1
0x0492	0x0873      	MOVF       R3, 0
0x0493	0x0087      	MOVWF      FSR1H
0x0494	0x0870      	MOVF       R0, 0
0x0495	0x0081      	MOVWF      INDF1
L_RS485Slave_Receive34:
;__Lib_RS485.c,160 :: 		
0x0496	0x0AD3      	INCF       RS485Slave_Receive_i_L0, 1
;__Lib_RS485.c,165 :: 		
0x0497	0x2C6B      	GOTO       L_RS485Slave_Receive31
L_RS485Slave_Receive32:
;__Lib_RS485.c,166 :: 		
0x0498	0x2CA3      	GOTO       L_RS485Slave_Receive35
L_RS485Slave_Receive30:
;__Lib_RS485.c,169 :: 		
0x0499	0x3005      	MOVLW      5
0x049A	0x0769      	ADDWF      FARG_RS485Slave_Receive_data_buffer, 0
0x049B	0x0086      	MOVWF      FSR1
0x049C	0x3000      	MOVLW      0
0x049D	0x3D6A      	ADDWFC     FARG_RS485Slave_Receive_data_buffer+1, 0
0x049E	0x0087      	MOVWF      FSR1H
0x049F	0x30FF      	MOVLW      255
0x04A0	0x0081      	MOVWF      INDF1
;__Lib_RS485.c,170 :: 		
0x04A1	0x3001      	MOVLW      1
0x04A2	0x00B3      	MOVWF      __Lib_RS485_sl_state
;__Lib_RS485.c,171 :: 		
L_RS485Slave_Receive35:
;__Lib_RS485.c,172 :: 		
0x04A3	0x2CCF      	GOTO       L_RS485Slave_Receive5
;__Lib_RS485.c,174 :: 		
L_RS485Slave_Receive36:
;__Lib_RS485.c,175 :: 		
0x04A4	0x3005      	MOVLW      5
0x04A5	0x0769      	ADDWF      FARG_RS485Slave_Receive_data_buffer, 0
0x04A6	0x0086      	MOVWF      FSR1
0x04A7	0x3000      	MOVLW      0
0x04A8	0x3D6A      	ADDWFC     FARG_RS485Slave_Receive_data_buffer+1, 0
0x04A9	0x0087      	MOVWF      FSR1H
0x04AA	0x30FF      	MOVLW      255
0x04AB	0x0081      	MOVWF      INDF1
;__Lib_RS485.c,176 :: 		
0x04AC	0x3001      	MOVLW      1
0x04AD	0x00B3      	MOVWF      __Lib_RS485_sl_state
;__Lib_RS485.c,177 :: 		
0x04AE	0x2CCF      	GOTO       L_RS485Slave_Receive5
;__Lib_RS485.c,179 :: 		
L_RS485Slave_Receive37:
;__Lib_RS485.c,180 :: 		
0x04AF	0x3001      	MOVLW      1
0x04B0	0x00B3      	MOVWF      __Lib_RS485_sl_state
;__Lib_RS485.c,182 :: 		
0x04B1	0x2CCF      	GOTO       L_RS485Slave_Receive5
L_RS485Slave_Receive4:
0x04B2	0x0833      	MOVF       __Lib_RS485_sl_state, 0
0x04B3	0x3A01      	XORLW      1
0x04B4	0x1903      	BTFSC      STATUS, 2
0x04B5	0x2BAE      	GOTO       L_RS485Slave_Receive6
0x04B6	0x0833      	MOVF       __Lib_RS485_sl_state, 0
0x04B7	0x3A02      	XORLW      2
0x04B8	0x1903      	BTFSC      STATUS, 2
0x04B9	0x2BB6      	GOTO       L_RS485Slave_Receive8
0x04BA	0x0833      	MOVF       __Lib_RS485_sl_state, 0
0x04BB	0x3A03      	XORLW      3
0x04BC	0x1903      	BTFSC      STATUS, 2
0x04BD	0x2BC7      	GOTO       L_RS485Slave_Receive13
0x04BE	0x0833      	MOVF       __Lib_RS485_sl_state, 0
0x04BF	0x3A04      	XORLW      4
0x04C0	0x1903      	BTFSC      STATUS, 2
0x04C1	0x2BF5      	GOTO       L_RS485Slave_Receive19
0x04C2	0x0833      	MOVF       __Lib_RS485_sl_state, 0
0x04C3	0x3A05      	XORLW      5
0x04C4	0x1903      	BTFSC      STATUS, 2
0x04C5	0x2C33      	GOTO       L_RS485Slave_Receive23
0x04C6	0x0833      	MOVF       __Lib_RS485_sl_state, 0
0x04C7	0x3A06      	XORLW      6
0x04C8	0x1903      	BTFSC      STATUS, 2
0x04C9	0x2C53      	GOTO       L_RS485Slave_Receive29
0x04CA	0x0833      	MOVF       __Lib_RS485_sl_state, 0
0x04CB	0x3A07      	XORLW      7
0x04CC	0x1903      	BTFSC      STATUS, 2
0x04CD	0x2CA4      	GOTO       L_RS485Slave_Receive36
0x04CE	0x2CAF      	GOTO       L_RS485Slave_Receive37
L_RS485Slave_Receive5:
;__Lib_RS485.c,183 :: 		
L_end_RS485Slave_Receive:
0x04CF	0x0008      	RETURN
; end of _RS485Slave_Receive
___CC2DW:
;__Lib_System.c,71 :: 		
;__Lib_System.c,73 :: 		
_CC2DL_Loop1:
;__Lib_System.c,74 :: 		
0x04D0	0x0012      	MOVIW      FSR0++ 
;__Lib_System.c,75 :: 		
0x04D1	0x001E      	MOVWI      FSR1++ 
;__Lib_System.c,76 :: 		
0x04D2	0x03F0      	DECF       R0, 1
;__Lib_System.c,77 :: 		
0x04D3	0x1D03      	BTFSS      STATUS, 2
;__Lib_System.c,78 :: 		
0x04D4	0x2CD0      	GOTO       _CC2DL_Loop1
;__Lib_System.c,79 :: 		
0x04D5	0x03F1      	DECF       R1, 1
;__Lib_System.c,80 :: 		
0x04D6	0x1D03      	BTFSS      STATUS, 2
;__Lib_System.c,81 :: 		
0x04D7	0x2CD0      	GOTO       _CC2DL_Loop1
;__Lib_System.c,83 :: 		
L_end___CC2DW:
0x04D8	0x0008      	RETURN
; end of ___CC2DW
_RS485Slave_Init:
;__Lib_RS485.c,45 :: 		
;__Lib_RS485.c,47 :: 		
0x04D9	0x0021      	MOVLB      1
0x04DA	0x120C      	BCF        rs485_rxtx_pin_direction, BitPos(rs485_rxtx_pin_direction+0)
;__Lib_RS485.c,48 :: 		
0x04DB	0x0020      	MOVLB      0
0x04DC	0x120C      	BCF        rs485_rxtx_pin, BitPos(rs485_rxtx_pin+0)
;__Lib_RS485.c,50 :: 		
0x04DD	0x3001      	MOVLW      1
0x04DE	0x00B3      	MOVWF      __Lib_RS485_sl_state
;__Lib_RS485.c,51 :: 		
0x04DF	0x01B2      	CLRF       __Lib_RS485_specadr
;__Lib_RS485.c,52 :: 		
0x04E0	0x085E      	MOVF       FARG_RS485Slave_Init_slave_address, 0
0x04E1	0x00B1      	MOVWF      __Lib_RS485__sladdress
;__Lib_RS485.c,53 :: 		
0x04E2	0x085E      	MOVF       FARG_RS485Slave_Init_slave_address, 0
0x04E3	0x3A96      	XORLW      150
0x04E4	0x1903      	BTFSC      STATUS, 2
0x04E5	0x2CEB      	GOTO       L__RS485Slave_Init104
0x04E6	0x085E      	MOVF       FARG_RS485Slave_Init_slave_address, 0
0x04E7	0x3AA9      	XORLW      169
0x04E8	0x1903      	BTFSC      STATUS, 2
0x04E9	0x2CEB      	GOTO       L__RS485Slave_Init104
0x04EA	0x2CF0      	GOTO       L_RS485Slave_Init2
L__RS485Slave_Init104:
;__Lib_RS485.c,54 :: 		
0x04EB	0x3001      	MOVLW      1
0x04EC	0x065E      	XORWF      FARG_RS485Slave_Init_slave_address, 0
0x04ED	0x00B1      	MOVWF      __Lib_RS485__sladdress
;__Lib_RS485.c,55 :: 		
0x04EE	0x30FF      	MOVLW      255
0x04EF	0x00B2      	MOVWF      __Lib_RS485_specadr
;__Lib_RS485.c,56 :: 		
L_RS485Slave_Init2:
;__Lib_RS485.c,57 :: 		
L_end_RS485Slave_Init:
0x04F0	0x0008      	RETURN
; end of _RS485Slave_Init
_UART1_Init:
;__Lib_UART_c67.c,12 :: 		
;__Lib_UART_c67.c,15 :: 		
0x04F1	0x303B      	MOVLW      _UART1_Write
0x04F2	0x0020      	MOVLB      0
0x04F3	0x00B8      	MOVWF      _UART_Wr_Ptr
0x04F4	0x3000      	MOVLW      hi_addr(_UART1_Write)
0x04F5	0x00B9      	MOVWF      _UART_Wr_Ptr+1
0x04F6	0x3068      	MOVLW      FARG_UART1_Write_data_
0x04F7	0x00BA      	MOVWF      _UART_Wr_Ptr+2
0x04F8	0x3000      	MOVLW      hi_addr(FARG_UART1_Write_data_)
0x04F9	0x00BB      	MOVWF      _UART_Wr_Ptr+3
;__Lib_UART_c67.c,16 :: 		
0x04FA	0x302B      	MOVLW      _UART1_Read
0x04FB	0x00D6      	MOVWF      _UART_Rd_Ptr
0x04FC	0x3000      	MOVLW      hi_addr(_UART1_Read)
0x04FD	0x00D7      	MOVWF      _UART_Rd_Ptr+1
0x04FE	0x3000      	MOVLW      0
0x04FF	0x00D8      	MOVWF      _UART_Rd_Ptr+2
0x0500	0x3000      	MOVLW      0
0x0501	0x00D9      	MOVWF      _UART_Rd_Ptr+3
;__Lib_UART_c67.c,17 :: 		
0x0502	0x3025      	MOVLW      _UART1_Data_Ready
0x0503	0x00DA      	MOVWF      _UART_Rdy_Ptr
0x0504	0x3000      	MOVLW      hi_addr(_UART1_Data_Ready)
0x0505	0x00DB      	MOVWF      _UART_Rdy_Ptr+1
0x0506	0x3000      	MOVLW      0
0x0507	0x00DC      	MOVWF      _UART_Rdy_Ptr+2
0x0508	0x3000      	MOVLW      0
0x0509	0x00DD      	MOVWF      _UART_Rdy_Ptr+3
;__Lib_UART_c67.c,18 :: 		
0x050A	0x3035      	MOVLW      _UART1_Tx_Idle
0x050B	0x00B4      	MOVWF      _UART_Tx_Idle_Ptr
0x050C	0x3000      	MOVLW      hi_addr(_UART1_Tx_Idle)
0x050D	0x00B5      	MOVWF      _UART_Tx_Idle_Ptr+1
0x050E	0x3000      	MOVLW      0
0x050F	0x00B6      	MOVWF      _UART_Tx_Idle_Ptr+2
0x0510	0x3000      	MOVLW      0
0x0511	0x00B7      	MOVWF      _UART_Tx_Idle_Ptr+3
;__Lib_UART_c67.c,20 :: 		
0x0512	0x0023      	MOVLB      3
0x0513	0x169E      	BSF        TXSTA, 5
;__Lib_UART_c67.c,21 :: 		
0x0514	0x3090      	MOVLW      144
0x0515	0x009D      	MOVWF      RCSTA
;__Lib_UART_c67.c,22 :: 		
0x0516	0x0021      	MOVLB      1
0x0517	0x178E      	BSF        TRISC7_bit, BitPos(TRISC7_bit+0)
;__Lib_UART_c67.c,23 :: 		
0x0518	0x130E      	BCF        TRISC6_bit, BitPos(TRISC6_bit+0)
;__Lib_UART_c67.c,25 :: 		
L_UART1_Init0:
0x0519	0x0020      	MOVLB      0
0x051A	0x1E91      	BTFSS      PIR1, 5
0x051B	0x2D20      	GOTO       L_UART1_Init1
;__Lib_UART_c67.c,26 :: 		
0x051C	0x0023      	MOVLB      3
0x051D	0x0819      	MOVF       RCREG, 0
0x051E	0x00F0      	MOVWF      R0
0x051F	0x2D19      	GOTO       L_UART1_Init0
L_UART1_Init1:
;__Lib_UART_c67.c,27 :: 		
L_end_UART1_Init:
0x0520	0x0008      	RETURN
; end of _UART1_Init
_main:
0x0521	0x0020      	MOVLB      0
0x0522	0x01A4      	CLRF       _comando_mestre1
0x0523	0x01A5      	CLRF       37
0x0524	0x01A6      	CLRF       _humidity
0x0525	0x01A7      	CLRF       39
0x0526	0x01A8      	CLRF       _AM2302_Data
0x0527	0x01A9      	CLRF       41
0x0528	0x01AA      	CLRF       42
0x0529	0x01AB      	CLRF       43
0x052A	0x01AC      	CLRF       44
0x052B	0x01AD      	CLRF       _comando_mestre
0x052C	0x01AE      	CLRF       46
0x052D	0x01AF      	CLRF       _temperature
0x052E	0x01B0      	CLRF       48
;Slaver.c,232 :: 		void main() {
;Slaver.c,234 :: 		ANSELB = 0;                        // Configure AN pins as digital I/O
0x052F	0x0023      	MOVLB      3
0x0530	0x018D      	CLRF       ANSELB
;Slaver.c,235 :: 		ANSELA = 0;
0x0531	0x018C      	CLRF       ANSELA
;Slaver.c,236 :: 		OSCCON=0b01110010;
0x0532	0x3072      	MOVLW      114
0x0533	0x0021      	MOVLB      1
0x0534	0x0099      	MOVWF      OSCCON
;Slaver.c,237 :: 		TRISC0_bit=0;
0x0535	0x100E      	BCF        TRISC0_bit, BitPos(TRISC0_bit+0)
;Slaver.c,238 :: 		TRISC1_bit=0;
0x0536	0x108E      	BCF        TRISC1_bit, BitPos(TRISC1_bit+0)
;Slaver.c,239 :: 		TRISC2_bit=0;
0x0537	0x110E      	BCF        TRISC2_bit, BitPos(TRISC2_bit+0)
;Slaver.c,240 :: 		RC0_bit=0;
0x0538	0x0020      	MOVLB      0
0x0539	0x100E      	BCF        RC0_bit, BitPos(RC0_bit+0)
;Slaver.c,241 :: 		RC1_bit=0;
0x053A	0x108E      	BCF        RC1_bit, BitPos(RC1_bit+0)
;Slaver.c,242 :: 		RC2_bit=0;
0x053B	0x110E      	BCF        RC2_bit, BitPos(RC2_bit+0)
;Slaver.c,245 :: 		UART1_Init(14400);                  // initialize UART1 module
0x053C	0x0023      	MOVLB      3
0x053D	0x159F      	BSF        BAUDCON, 3
0x053E	0x308A      	MOVLW      138
0x053F	0x009B      	MOVWF      SPBRG
0x0540	0x019C      	CLRF       SPBRG+1
0x0541	0x151E      	BSF        TXSTA, 2
0x0542	0x24F1      	CALL       _UART1_Init
;Slaver.c,246 :: 		Delay_ms(100);
0x0543	0x3002      	MOVLW      2
0x0544	0x00FB      	MOVWF      R11
0x0545	0x3004      	MOVLW      4
0x0546	0x00FC      	MOVWF      R12
0x0547	0x30BA      	MOVLW      186
0x0548	0x00FD      	MOVWF      R13
L_main38:
0x0549	0x0BFD      	DECFSZ     R13, 1
0x054A	0x2D49      	GOTO       L_main38
0x054B	0x0BFC      	DECFSZ     R12, 1
0x054C	0x2D49      	GOTO       L_main38
0x054D	0x0BFB      	DECFSZ     R11, 1
0x054E	0x2D49      	GOTO       L_main38
0x054F	0x0000      	NOP
;Slaver.c,247 :: 		RS485Slave_Init( 160 );              // Intialize MCU as slave, address 160
0x0550	0x30A0      	MOVLW      160
0x0551	0x0020      	MOVLB      0
0x0552	0x00DE      	MOVWF      FARG_RS485Slave_Init_slave_address
0x0553	0x24D9      	CALL       _RS485Slave_Init
;Slaver.c,254 :: 		InitTimer1();
0x0554	0x2387      	CALL       _InitTimer1
;Slaver.c,255 :: 		dat[4] = 0;                        // ensure that message received flag is 0
0x0555	0x01C1      	CLRF       _dat+4
;Slaver.c,256 :: 		dat[5] = 0;                        // ensure that message received flag is 0
0x0556	0x01C2      	CLRF       _dat+5
;Slaver.c,257 :: 		dat[6] = 0;                        // ensure that error flag is 0
0x0557	0x01C3      	CLRF       _dat+6
;Slaver.c,259 :: 		max7219_init();
0x0558	0x21D1      	CALL       _max7219_init
;Slaver.c,260 :: 		dislay();
0x0559	0x2365      	CALL       _dislay
;Slaver.c,261 :: 		while (1) {
L_main39:
;Slaver.c,262 :: 		if(cnt>=20)
0x055A	0x3014      	MOVLW      20
0x055B	0x023C      	SUBWF      _cnt, 0
0x055C	0x1C03      	BTFSS      STATUS, 0
0x055D	0x2DCF      	GOTO       L_main41
;Slaver.c,264 :: 		if( dat[4] ) //Recebeu alguma mensagem
0x055E	0x0841      	MOVF       _dat+4, 0
0x055F	0x1903      	BTFSC      STATUS, 2
0x0560	0x2DCF      	GOTO       L_main42
;Slaver.c,266 :: 		dat[4] = 0;
0x0561	0x01C1      	CLRF       _dat+4
;Slaver.c,267 :: 		if (AM2302_Read(&humidity, &temperature) == 0)                 // Display AM2302_Read sensor values via LCD
0x0562	0x3026      	MOVLW      _humidity
0x0563	0x00DE      	MOVWF      FARG_AM2302_Read_humidity
0x0564	0x3000      	MOVLW      hi_addr(_humidity)
0x0565	0x00DF      	MOVWF      FARG_AM2302_Read_humidity+1
0x0566	0x302F      	MOVLW      _temperature
0x0567	0x00E0      	MOVWF      FARG_AM2302_Read_temperature
0x0568	0x3000      	MOVLW      hi_addr(_temperature)
0x0569	0x00E1      	MOVWF      FARG_AM2302_Read_temperature+1
0x056A	0x22D1      	CALL       _AM2302_Read
0x056B	0x0870      	MOVF       R0, 0
0x056C	0x3A00      	XORLW      0
0x056D	0x1D03      	BTFSS      STATUS, 2
0x056E	0x2DCF      	GOTO       L_main43
;Slaver.c,269 :: 		processValue1(humidity, temperature);                         // Display AM2302_Read sensor values via LCD
0x056F	0x0826      	MOVF       _humidity, 0
0x0570	0x00DE      	MOVWF      FARG_processValue1_humidity
0x0571	0x0827      	MOVF       _humidity+1, 0
0x0572	0x00DF      	MOVWF      FARG_processValue1_humidity+1
0x0573	0x082F      	MOVF       _temperature, 0
0x0574	0x00E0      	MOVWF      FARG_processValue1_temperature
0x0575	0x0830      	MOVF       _temperature+1, 0
0x0576	0x00E1      	MOVWF      FARG_processValue1_temperature+1
0x0577	0x2093      	CALL       _processValue1
;Slaver.c,270 :: 		comando_mestre=humidity/10;
0x0578	0x300A      	MOVLW      10
0x0579	0x00F4      	MOVWF      R4
0x057A	0x3000      	MOVLW      0
0x057B	0x00F5      	MOVWF      R5
0x057C	0x0826      	MOVF       _humidity, 0
0x057D	0x00F0      	MOVWF      R0
0x057E	0x0827      	MOVF       _humidity+1, 0
0x057F	0x00F1      	MOVWF      R1
0x0580	0x2077      	CALL       _Div_16X16_U
0x0581	0x0870      	MOVF       R0, 0
0x0582	0x00AD      	MOVWF      _comando_mestre
0x0583	0x0871      	MOVF       R1, 0
0x0584	0x00AE      	MOVWF      _comando_mestre+1
;Slaver.c,272 :: 		dat[0]=comando_mestre;//=RH;
0x0585	0x0870      	MOVF       R0, 0
0x0586	0x00BD      	MOVWF      _dat
;Slaver.c,273 :: 		comando_mestre1=humidity%10;
0x0587	0x300A      	MOVLW      10
0x0588	0x00F4      	MOVWF      R4
0x0589	0x3000      	MOVLW      0
0x058A	0x00F5      	MOVWF      R5
0x058B	0x0826      	MOVF       _humidity, 0
0x058C	0x00F0      	MOVWF      R0
0x058D	0x0827      	MOVF       _humidity+1, 0
0x058E	0x00F1      	MOVWF      R1
0x058F	0x2077      	CALL       _Div_16X16_U
0x0590	0x0878      	MOVF       R8, 0
0x0591	0x00F0      	MOVWF      R0
0x0592	0x0879      	MOVF       R9, 0
0x0593	0x00F1      	MOVWF      R1
0x0594	0x0870      	MOVF       R0, 0
0x0595	0x00A4      	MOVWF      _comando_mestre1
0x0596	0x0871      	MOVF       R1, 0
0x0597	0x00A5      	MOVWF      _comando_mestre1+1
;Slaver.c,274 :: 		dat[1]=comando_mestre1;//=RH;
0x0598	0x0870      	MOVF       R0, 0
0x0599	0x00BE      	MOVWF      _dat+1
;Slaver.c,275 :: 		dat[2]=2;
0x059A	0x3002      	MOVLW      2
0x059B	0x00BF      	MOVWF      _dat+2
;Slaver.c,276 :: 		RS485Slave_Send(dat, 3 );         //Envia 3 bytes via RS485 ao master
0x059C	0x303D      	MOVLW      _dat
0x059D	0x00DE      	MOVWF      FARG_RS485Slave_Send_data_buffer
0x059E	0x3000      	MOVLW      hi_addr(_dat)
0x059F	0x00DF      	MOVWF      FARG_RS485Slave_Send_data_buffer+1
0x05A0	0x3003      	MOVLW      3
0x05A1	0x00E0      	MOVWF      FARG_RS485Slave_Send_datalen
0x05A2	0x21FD      	CALL       _RS485Slave_Send
;Slaver.c,278 :: 		comando_mestre=temperature/10;
0x05A3	0x300A      	MOVLW      10
0x05A4	0x00F4      	MOVWF      R4
0x05A5	0x3000      	MOVLW      0
0x05A6	0x00F5      	MOVWF      R5
0x05A7	0x082F      	MOVF       _temperature, 0
0x05A8	0x00F0      	MOVWF      R0
0x05A9	0x0830      	MOVF       _temperature+1, 0
0x05AA	0x00F1      	MOVWF      R1
0x05AB	0x2077      	CALL       _Div_16X16_U
0x05AC	0x0870      	MOVF       R0, 0
0x05AD	0x00AD      	MOVWF      _comando_mestre
0x05AE	0x0871      	MOVF       R1, 0
0x05AF	0x00AE      	MOVWF      _comando_mestre+1
;Slaver.c,280 :: 		dat[0]=comando_mestre;//=RH;
0x05B0	0x0870      	MOVF       R0, 0
0x05B1	0x00BD      	MOVWF      _dat
;Slaver.c,281 :: 		comando_mestre1=temperature%10;
0x05B2	0x300A      	MOVLW      10
0x05B3	0x00F4      	MOVWF      R4
0x05B4	0x3000      	MOVLW      0
0x05B5	0x00F5      	MOVWF      R5
0x05B6	0x082F      	MOVF       _temperature, 0
0x05B7	0x00F0      	MOVWF      R0
0x05B8	0x0830      	MOVF       _temperature+1, 0
0x05B9	0x00F1      	MOVWF      R1
0x05BA	0x2077      	CALL       _Div_16X16_U
0x05BB	0x0878      	MOVF       R8, 0
0x05BC	0x00F0      	MOVWF      R0
0x05BD	0x0879      	MOVF       R9, 0
0x05BE	0x00F1      	MOVWF      R1
0x05BF	0x0870      	MOVF       R0, 0
0x05C0	0x00A4      	MOVWF      _comando_mestre1
0x05C1	0x0871      	MOVF       R1, 0
0x05C2	0x00A5      	MOVWF      _comando_mestre1+1
;Slaver.c,282 :: 		dat[1]=comando_mestre1;//=RH;
0x05C3	0x0870      	MOVF       R0, 0
0x05C4	0x00BE      	MOVWF      _dat+1
;Slaver.c,283 :: 		dat[2]=1;
0x05C5	0x3001      	MOVLW      1
0x05C6	0x00BF      	MOVWF      _dat+2
;Slaver.c,284 :: 		RS485Slave_Send(dat, 3 );
0x05C7	0x303D      	MOVLW      _dat
0x05C8	0x00DE      	MOVWF      FARG_RS485Slave_Send_data_buffer
0x05C9	0x3000      	MOVLW      hi_addr(_dat)
0x05CA	0x00DF      	MOVWF      FARG_RS485Slave_Send_data_buffer+1
0x05CB	0x3003      	MOVLW      3
0x05CC	0x00E0      	MOVWF      FARG_RS485Slave_Send_datalen
0x05CD	0x21FD      	CALL       _RS485Slave_Send
;Slaver.c,285 :: 		cnt=0;
0x05CE	0x01BC      	CLRF       _cnt
;Slaver.c,286 :: 		}
L_main43:
;Slaver.c,287 :: 		}
L_main42:
;Slaver.c,292 :: 		}
L_main41:
;Slaver.c,293 :: 		}
0x05CF	0x2D5A      	GOTO       L_main39
;Slaver.c,294 :: 		}
L_end_main:
0x05D0	0x2DD0      	GOTO       $+0
; end of _main
Symbol List:
//** Routines locations **
//ADDRESS    SIZE    PROCEDURE
//----------------------------------------------
0x0004      [33]    _interrupt
0x0025       [6]    _UART1_Data_Ready
0x002B      [10]    _UART1_Read
0x0035       [6]    _UART1_Tx_Idle
0x003B      [10]    _UART1_Write
0x0045      [10]    _SPI1_Write
0x004F      [25]    _SPI_Write_Byte
0x0068       [5]    _____DoIFC
0x006D      [10]    _max7219
0x0077      [28]    _Div_16X16_U
0x0093     [318]    _processValue1
0x01D1      [44]    _max7219_init
0x01FD     [212]    _RS485Slave_Send
0x02D1     [148]    _AM2302_Read
0x0365      [34]    _dislay
0x0387      [19]    _InitTimer1
0x039A     [310]    _RS485Slave_Receive
0x04D0       [9]    ___CC2DW
0x04D9      [24]    _RS485Slave_Init
0x04F1      [48]    _UART1_Init
0x0521     [176]    _main
//** Variables locations ** 
//ADDRESS    SIZE    VARIABLE
//----------------------------------------------
0x0000       [1]    INDF0
0x0001       [1]    INDF1
0x0002       [1]    PCL
0x0003       [1]    STATUS
0x0004       [1]    FSR0L
0x0005       [1]    FSR0H
0x0006       [1]    FSR1L
0x0006       [2]    FSR1
0x0007       [1]    FSR1H
0x000A       [1]    PCLATH
0x000B       [1]    INTCON
0x000C       [0]    RA4_bit
0x000C       [0]    rs485_rxtx_pin
0x000D       [0]    AM2302_Bus_In
0x000D       [0]    RB5_bit
0x000E       [0]    RC2_bit
0x000E       [0]    RC0_bit
0x000E       [0]    RC1_bit
0x000E       [1]    PORTC
0x0011       [1]    PIR1
0x0011       [0]    TMR1IF_bit
0x0016       [1]    TMR1L
0x0017       [1]    TMR1H
0x0018       [1]    T1CON
0x0024       [2]    _comando_mestre1
0x0026       [2]    _humidity
0x0028       [5]    _AM2302_Data
0x002D       [2]    _comando_mestre
0x002F       [2]    _temperature
0x0031       [1]    __Lib_RS485__sladdress
0x0032       [1]    __Lib_RS485_specadr
0x0033       [1]    __Lib_RS485_sl_state
0x0034       [4]    _UART_Tx_Idle_Ptr
0x0038       [4]    _UART_Wr_Ptr
0x003C       [1]    _cnt
0x003D      [20]    _dat
0x0051       [1]    RS485Slave_Receive_datalen_L0
0x0052       [1]    RS485Slave_Receive_rec_L0
0x0053       [1]    RS485Slave_Receive_i_L0
0x0054       [1]    RS485Slave_Receive_crc_is_ok_L0
0x0055       [1]    RS485Slave_Receive_key_L0
0x0056       [4]    _UART_Rd_Ptr
0x005A       [4]    _UART_Rdy_Ptr
0x005E       [2]    FARG_AM2302_Read_humidity
0x005E       [2]    FARG_RS485Slave_Send_data_buffer
0x005E       [2]    FARG_processValue1_humidity
0x005E       [1]    FARG_RS485Slave_Init_slave_address
0x0060       [2]    FARG_processValue1_temperature
0x0060       [1]    FARG_RS485Slave_Send_datalen
0x0060       [2]    FARG_AM2302_Read_temperature
0x0061       [1]    RS485Slave_Send_i_L0
0x0062       [1]    AM2302_Read_i_L0
0x0062       [1]    RS485Slave_Send_crc_send_L0
0x0063       [1]    RS485Slave_Send_len_L0
0x0063       [1]    AM2302_Read_j_L0
0x0064       [1]    AM2302_Read_timeout_L0
0x0064       [1]    RS485Slave_Send_slave_address_L0
0x0065       [1]    RS485Slave_Send_temp_L0
0x0066       [1]    FARG_max7219_adres
0x0067       [1]    FARG_max7219_deger
0x0068       [1]    FARG_SPI_Write_Byte_num
0x0068       [1]    FARG_UART1_Write_data_
0x0068       [1]    FARG_SPI1_Write_data_
0x0069       [2]    FARG_RS485Slave_Receive_data_buffer
0x0070       [1]    R0
0x0071       [1]    R1
0x0072       [1]    R2
0x0073       [1]    R3
0x0074       [1]    R4
0x0075       [1]    R5
0x0076       [1]    R6
0x0077       [1]    R7
0x0078       [1]    R8
0x0079       [1]    R9
0x007A       [1]    R10
0x007B       [1]    R11
0x007C       [1]    R12
0x007D       [1]    R13
0x007E       [1]    R14
0x007F       [1]    R15
0x008C       [0]    TRISA4_bit
0x008C       [0]    rs485_rxtx_pin_direction
0x008D       [0]    AM2302_Bus_Direction
0x008D       [0]    TRISB5_bit
0x008E       [0]    TRISC2_bit
0x008E       [0]    TRISC7_bit
0x008E       [0]    TRISC6_bit
0x008E       [0]    TRISC1_bit
0x008E       [0]    TRISC0_bit
0x0091       [0]    RCIE_bit
0x0091       [0]    TMR1IE_bit
0x0091       [0]    TXIE_bit
0x0099       [1]    OSCCON
0x010D       [0]    LATB5_bit
0x010D       [0]    AM2302_Bus_Out
0x018C       [1]    ANSELA
0x018D       [1]    ANSELB
0x0199       [1]    RCREG
0x019A       [1]    TXREG
0x019B       [2]    SPBRG
0x019C       [1]    SPBRGH
0x019D       [1]    RCSTA
0x019E       [1]    TXSTA
0x019F       [1]    BAUDCON
0x0211       [1]    SSPBUF
0x0214       [1]    SSPSTAT
